TFA70 000:001.353   SEGGER J-Link V7.96j Log File
TFA70 000:001.533   DLL Compiled: May 29 2024 15:36:36
TFA70 000:001.542   Logging started @ 2025-01-27 13:37
TFA70 000:001.551   Process: C:\Users\emil\.eclipse\com.renesas.platform_1731436733\DebugComp\RA\e2-server-gdb.exe
TFA70 000:001.563 - 1.560ms
TFA70 000:001.582 JLINK_GetDLLVersion()
TFA70 000:001.593 - 0.010ms returns 79610
TFA70 000:004.742 JLINK_OpenEx(...)
TFA70 000:011.287   Firmware: J-Link OB-S124 compiled Apr 23 2024 10:48:24
TFA70 000:012.584   Firmware: J-Link OB-S124 compiled Apr 23 2024 10:48:24
TFA70 000:039.952   Hardware: V1.00
TFA70 000:040.042   S/N: 831373809
TFA70 000:040.078   OEM: SEGGER
TFA70 000:040.126   Feature(s): None
TFA70 000:041.820   Bootloader: 2019 Oct 15
TFA70 000:043.556   USB speed mode: Full speed (12 MBit/s)
TFA70 000:044.589   TELNET listener socket opened on port 19021
TFA70 000:045.272   WEBSRV WEBSRV_Init(): Starting webserver thread(s)
TFA70 000:045.820   WEBSRV Webserver running on local port 19080
TFA70 000:047.944   Looking for J-Link GUI Server exe at: C:\Users\emil\.eclipse\com.renesas.platform_1731436733\DebugComp\RA\ARM\Segger_v7.96.10\JLinkGUIServer.exe
TFA70 000:048.452   Looking for J-Link GUI Server exe at: C:\Program Files\SEGGER\JLink_V794e\JLinkGUIServer.exe
TFA70 000:049.862   Forking J-Link GUI Server: C:\Program Files\SEGGER\JLink_V794e\JLinkGUIServer.exe
TFA70 000:148.905   J-Link GUI Server info: "J-Link GUI server V7.94e "
TFA70 000:157.165 - 152.414ms returns "O.K."
TFA70 000:157.464 JLINK_ExecCommand("ProjectFile=C:\Users\emil\e2_studio\test_workspace\bleuio_ra4m2_fan_example\bleuio_ra4m2_fan_example/bleuio_ra4m2_fan_example Debug.jlink", ...). 
TFA70 000:183.878 - 26.417ms returns 0x00
TFA70 000:184.336 JLINK_ExecCommand("device=R7FA4M2AD", ...). 
TFA70 000:185.601   Flash bank @ 0x0100A100: SFL: Parsing sectorization info from ELF file
TFA70 000:185.623     FlashDevice.SectorInfo[0]: .SectorSize = 0x00000010, .SectorStartAddr = 0x00000000
TFA70 000:185.638   FlashBank @0x0100A100: Sectorization info from SFL ELF file ignored because sectorization override from DLL / XML file is active.
TFA70 000:186.101   Flash bank @ 0x60000000: SFL: Parsing sectorization info from ELF file
TFA70 000:186.120     FlashDevice.SectorInfo[0]: .SectorSize = 0x00010000, .SectorStartAddr = 0x00000000
TFA70 000:191.347   Device "R7FA4M2AD" selected.
TFA70 000:191.821 - 7.470ms returns 0x00
TFA70 000:191.872 JLINK_TIF_GetAvailable(...)
TFA70 000:192.211 - 0.361ms
TFA70 000:192.233 JLINK_TIF_Select(JLINKARM_TIF_SWD)
TFA70 000:193.113 - 0.879ms returns 0x00
TFA70 000:193.153 JLINK_SetSpeed(4000)
TFA70 000:193.362 - 0.215ms
TFA70 000:193.415 JLINK_ReadMem(0xE000EDF0, 0x4 Bytes, ...)
TFA70 000:193.775   ConfigTargetSettings() start
TFA70 000:193.793    J-Link Script File: Executing ConfigTargetSettings()
TFA70 000:193.812   Configuring FlashDLNoRMWThreshold=0x200 in order to make sure that option bytes programming is done via read-modify-write
TFA70 000:200.758   ConfigTargetSettings() end - Took 6.96ms
TFA70 000:201.131   InitTarget() start
TFA70 000:201.152    J-Link Script File: Executing InitTarget()
TFA70 000:201.163   SWD selected. Executing JTAG -> SWD switching sequence.
TFA70 000:204.765   DAP initialized successfully.
TFA70 000:204.792   Determining TrustZone configuration...
TFA70 000:207.191     Secure Debug: Enabled (SSD)
TFA70 000:207.240   Determining currently configured transfer type by reading the AHB-AP CSW register.
TFA70 000:208.861     --> Correct transfer type configured. Done.
TFA70 000:208.881   InitTarget() end - Took 7.72ms
TFA70 000:210.829   Found SW-DP with ID 0x6BA02477
TFA70 000:216.974   DPIDR: 0x6BA02477
TFA70 000:217.020   CoreSight SoC-400 or earlier
TFA70 000:217.048   Scanning AP map to find all available APs
TFA70 000:218.933   AP[2]: Stopped AP scan as end of AP map has been reached
TFA70 000:219.314   AP[0]: AHB-AP (IDR: 0x84770001)
TFA70 000:219.365   AP[1]: APB-AP (IDR: 0x54770002)
TFA70 000:219.404   Iterating through AP map to find AHB-AP to use
TFA70 000:221.290   AP[0]: Core found
TFA70 000:221.336   AP[0]: AHB-AP ROM base: 0xE00FE000
TFA70 000:222.575   CPUID register: 0x410FD214. Implementer code: 0x41 (ARM)
TFA70 000:222.651   Feature set: Mainline
TFA70 000:223.580   Cache: No cache
TFA70 000:223.996   Found Cortex-M33 r0p4, Little endian.
TFA70 000:225.443   -- Max. mem block: 0x00001B00
TFA70 000:228.263   CPU_ReadMem(4 bytes @ 0xE000EDF0)
TFA70 000:229.692   CPU_WriteMem(4 bytes @ 0xE000EDF0)
TFA70 000:230.450   CPU_ReadMem(4 bytes @ 0xE0002000)
TFA70 000:231.150   FPUnit: 8 code (BP) slots and 0 literal slots
TFA70 000:231.186   CPU_ReadMem(4 bytes @ 0xE000EDFC)
TFA70 000:231.937   CPU_WriteMem(4 bytes @ 0xE000EDFC)
TFA70 000:232.670   CPU_ReadMem(4 bytes @ 0xE0001000)
TFA70 000:233.338   CPU_ReadMem(4 bytes @ 0xE0001000)
TFA70 000:234.017   CPU_ReadMem(4 bytes @ 0xE0001028)
TFA70 000:234.661   CPU_ReadMem(4 bytes @ 0xE0001038)
TFA70 000:235.412   CPU_ReadMem(4 bytes @ 0xE0001048)
TFA70 000:236.143   CPU_ReadMem(4 bytes @ 0xE0001058)
TFA70 000:236.843   CPU_WriteMem(4 bytes @ 0xE0001000)
TFA70 000:237.635   CPU_ReadMem(4 bytes @ 0xE000ED88)
TFA70 000:238.295   CPU_WriteMem(4 bytes @ 0xE000ED88)
TFA70 000:239.078   CPU_ReadMem(4 bytes @ 0xE000ED88)
TFA70 000:239.732   CPU_WriteMem(4 bytes @ 0xE000ED88)
TFA70 000:240.375   CPU_ReadMem(4 bytes @ 0xE000EFB8)
TFA70 000:241.108   Security extension: implemented
TFA70 000:241.147   Secure debug: enabled
TFA70 000:241.165   CoreSight components:
TFA70 000:241.183   ROMTbl[0] @ E00FE000
TFA70 000:241.207   CPU_ReadMem(64 bytes @ 0xE00FE000)
TFA70 000:242.739   CPU_ReadMem(32 bytes @ 0xE0044FE0)
TFA70 000:243.799   CPU_ReadMem(4 bytes @ 0xE0044FBC)
TFA70 000:244.485   CPU_ReadMem(4 bytes @ 0xE0044FCC)
TFA70 000:245.133   [0][0]: E0044000 CID B105900D PID 005BB906 DEVARCH 00000000 DEVTYPE 14 CTI (?)
TFA70 000:245.164   CPU_ReadMem(32 bytes @ 0xE0047FE0)
TFA70 000:246.155   CPU_ReadMem(4 bytes @ 0xE0047FBC)
TFA70 000:246.765   CPU_ReadMem(4 bytes @ 0xE0047FCC)
TFA70 000:247.427   [0][1]: E0047000 CID B105900D PID 003BB908 DEVARCH 00000000 DEVTYPE 12 CSTF
TFA70 000:247.468   CPU_ReadMem(32 bytes @ 0xE0048FE0)
TFA70 000:248.391   CPU_ReadMem(4 bytes @ 0xE0048FBC)
TFA70 000:248.988   CPU_ReadMem(4 bytes @ 0xE0048FCC)
TFA70 000:249.662   [0][2]: E0048000 CID B105900D PID 001BB961 DEVARCH 00000000 DEVTYPE 21 ETB
TFA70 000:249.694   CPU_ReadMem(32 bytes @ 0xE0049FE0)
TFA70 000:250.735   [0][3]: E0049000 CID B105F00D PID 001BB101 TSG
TFA70 000:250.792   CPU_ReadMem(32 bytes @ 0xE0040FE0)
TFA70 000:251.879   CPU_ReadMem(4 bytes @ 0xE0040FBC)
TFA70 000:252.641   CPU_ReadMem(4 bytes @ 0xE0040FCC)
TFA70 000:253.388   [0][4]: E0040000 CID B105900D PID 000BBD21 DEVARCH 00000000 DEVTYPE 11 TPIU
TFA70 000:253.436   CPU_ReadMem(32 bytes @ 0xE00FFFE0)
TFA70 000:254.478   [0][5]: E00FF000 CID B105100D PID 000BB4C9 ROM Table
TFA70 000:254.523   ROMTbl[1] @ E00FF000
TFA70 000:254.553   CPU_ReadMem(64 bytes @ 0xE00FF000)
TFA70 000:256.036   CPU_ReadMem(32 bytes @ 0xE000EFE0)
TFA70 000:257.144   CPU_ReadMem(4 bytes @ 0xE000EFBC)
TFA70 000:257.874   CPU_ReadMem(4 bytes @ 0xE000EFCC)
TFA70 000:258.598   [1][0]: E000E000 CID B105900D PID 000BBD21 DEVARCH 47702A04 DEVTYPE 00 Cortex-M33
TFA70 000:258.646   CPU_ReadMem(32 bytes @ 0xE0001FE0)
TFA70 000:259.729   CPU_ReadMem(4 bytes @ 0xE0001FBC)
TFA70 000:260.496   CPU_ReadMem(4 bytes @ 0xE0001FCC)
TFA70 000:261.241   [1][1]: E0001000 CID B105900D PID 000BBD21 DEVARCH 47701A02 DEVTYPE 00 DWT
TFA70 000:261.289   CPU_ReadMem(32 bytes @ 0xE0002FE0)
TFA70 000:262.320   CPU_ReadMem(4 bytes @ 0xE0002FBC)
TFA70 000:263.019   CPU_ReadMem(4 bytes @ 0xE0002FCC)
TFA70 000:263.759   [1][2]: E0002000 CID B105900D PID 000BBD21 DEVARCH 47701A03 DEVTYPE 00 FPB
TFA70 000:263.806   CPU_ReadMem(32 bytes @ 0xE0000FE0)
TFA70 000:264.877   CPU_ReadMem(4 bytes @ 0xE0000FBC)
TFA70 000:265.641   CPU_ReadMem(4 bytes @ 0xE0000FCC)
TFA70 000:266.408   [1][3]: E0000000 CID B105900D PID 000BBD21 DEVARCH 47701A01 DEVTYPE 43 ITM
TFA70 000:266.457   CPU_ReadMem(32 bytes @ 0xE0041FE0)
TFA70 000:267.650   CPU_ReadMem(4 bytes @ 0xE0041FBC)
TFA70 000:268.368   CPU_ReadMem(4 bytes @ 0xE0041FCC)
TFA70 000:269.025   [1][5]: E0041000 CID B105900D PID 002BBD21 DEVARCH 47724A13 DEVTYPE 13 ETM
TFA70 000:269.076   CPU_ReadMem(32 bytes @ 0xE0042FE0)
TFA70 000:270.168   CPU_ReadMem(4 bytes @ 0xE0042FBC)
TFA70 000:270.935   CPU_ReadMem(4 bytes @ 0xE0042FCC)
TFA70 000:271.622   [1][6]: E0042000 CID B105900D PID 000BBD21 DEVARCH 47701A14 DEVTYPE 14 CSS600-CTI
TFA70 000:272.241   CPU_ReadMem(4 bytes @ 0xE000EDF0)
TFA70 000:272.910   Data:  01 00 14 01
TFA70 000:272.945   Debug reg: DHCSR
TFA70 000:272.969 - 79.553ms returns 0
TFA70 000:273.020 JLINK_ReadMem(0x400E002C, 0x4 Bytes, ...)
TFA70 000:273.045   CPU_ReadMem(4 bytes @ 0x400E002C)
TFA70 000:273.722   Data:  02 00 00 00
TFA70 000:273.758 - 0.739ms returns 0
TFA70 000:274.301 JLINK_ReadMem(0xE000EDF0, 0x4 Bytes, ...)
TFA70 000:274.337   CPU_ReadMem(4 bytes @ 0xE000EDF0)
TFA70 000:275.155   Data:  01 00 14 01
TFA70 000:275.206   Debug reg: DHCSR
TFA70 000:275.230 - 0.929ms returns 0
TFA70 000:275.332 JLINK_ReadMem(0xE000EDF0, 0x4 Bytes, ...)
TFA70 000:275.359   CPU_ReadMem(4 bytes @ 0xE000EDF0)
TFA70 000:276.018   Data:  01 00 14 01
TFA70 000:276.054   Debug reg: DHCSR
TFA70 000:276.077 - 0.745ms returns 0
TFA70 000:276.103 JLINK_ReadMem(0x400E001C, 0x4 Bytes, ...)
TFA70 000:276.126   CPU_ReadMem(4 bytes @ 0x400E001C)
TFA70 000:276.731   Data:  00 B0 00 00
TFA70 000:276.767 - 0.663ms returns 0
TFA70 000:276.799 JLINK_ReadMem(0xE000EDF0, 0x4 Bytes, ...)
TFA70 000:276.823   CPU_ReadMem(4 bytes @ 0xE000EDF0)
TFA70 000:277.475   Data:  01 00 14 01
TFA70 000:277.510   Debug reg: DHCSR
TFA70 000:277.532 - 0.733ms returns 0
TFA70 000:277.557 JLINK_ReadMem(0x400E0018, 0x4 Bytes, ...)
TFA70 000:277.581   CPU_ReadMem(4 bytes @ 0x400E0018)
TFA70 000:278.265   Data:  00 00 01 00
TFA70 000:278.301 - 0.743ms returns 0
TFA70 000:278.332 JLINK_ReadMem(0xE000EDF0, 0x4 Bytes, ...)
TFA70 000:278.355   CPU_ReadMem(4 bytes @ 0xE000EDF0)
TFA70 000:279.035   Data:  01 00 14 01
TFA70 000:279.071   Debug reg: DHCSR
TFA70 000:279.092 - 0.760ms returns 0
TFA70 000:279.118 JLINK_ReadMem(0x400E0020, 0x4 Bytes, ...)
TFA70 000:279.140   CPU_ReadMem(4 bytes @ 0x400E0020)
TFA70 000:279.789   Data:  00 00 00 00
TFA70 000:279.870 - 0.752ms returns 0
TFA70 000:279.915 JLINK_ReadMem(0xE000EDF0, 0x4 Bytes, ...)
TFA70 000:279.949   CPU_ReadMem(4 bytes @ 0xE000EDF0)
TFA70 000:280.633   Data:  01 00 14 01
TFA70 000:280.668   Debug reg: DHCSR
TFA70 000:280.691 - 0.776ms returns 0
TFA70 000:280.717 JLINK_ReadMem(0x400E0028, 0x4 Bytes, ...)
TFA70 000:280.741   CPU_ReadMem(4 bytes @ 0x400E0028)
TFA70 000:281.374   Data:  00 48 01 00
TFA70 000:281.409 - 0.692ms returns 0
TFA70 000:281.444 JLINK_ReadMem(0xE000EDF0, 0x4 Bytes, ...)
TFA70 000:281.467   CPU_ReadMem(4 bytes @ 0xE000EDF0)
TFA70 000:282.142   Data:  01 00 14 01
TFA70 000:282.177   Debug reg: DHCSR
TFA70 000:282.200 - 0.756ms returns 0
TFA70 000:282.226 JLINK_ReadMem(0x400E0024, 0x4 Bytes, ...)
TFA70 000:282.249   CPU_ReadMem(4 bytes @ 0x400E0024)
TFA70 000:282.864   Data:  00 60 01 00
TFA70 000:282.900 - 0.674ms returns 0
TFA70 000:282.932 JLINK_ReadMem(0xE000EDF0, 0x4 Bytes, ...)
TFA70 000:282.957   CPU_ReadMem(4 bytes @ 0xE000EDF0)
TFA70 000:283.652   Data:  01 00 14 01
TFA70 000:283.687   Debug reg: DHCSR
TFA70 000:283.710 - 0.777ms returns 0
TFA70 000:283.736 JLINK_ReadMem(0x400E002C, 0x4 Bytes, ...)
TFA70 000:283.759   CPU_ReadMem(4 bytes @ 0x400E002C)
TFA70 000:284.407   Data:  02 00 00 00
TFA70 000:284.443 - 0.707ms returns 0
TFA70 000:284.473 JLINK_ReadMem(0xE000EDF0, 0x4 Bytes, ...)
TFA70 000:284.497   CPU_ReadMem(4 bytes @ 0xE000EDF0)
TFA70 000:285.153   Data:  01 00 14 01
TFA70 000:285.183   Debug reg: DHCSR
TFA70 000:285.202 - 0.728ms returns 0
TFA70 000:285.223 JLINK_ReadMem(0x400E002C, 0x4 Bytes, ...)
TFA70 000:285.242   CPU_ReadMem(4 bytes @ 0x400E002C)
TFA70 000:285.858   Data:  02 00 00 00
TFA70 000:285.887 - 0.664ms returns 0
TFA70 000:286.716 JLINK_ReadMem(0xE000EDF0, 0x4 Bytes, ...)
TFA70 000:286.749   CPU_ReadMem(4 bytes @ 0xE000EDF0)
TFA70 000:287.395   Data:  01 00 14 01
TFA70 000:287.420   Debug reg: DHCSR
TFA70 000:287.436 - 0.720ms returns 0
TFA70 000:287.455 JLINK_ReadMem(0x400E002C, 0x4 Bytes, ...)
TFA70 000:287.475   CPU_ReadMem(4 bytes @ 0x400E002C)
TFA70 000:288.137   Data:  02 00 00 00
TFA70 000:288.163 - 0.708ms returns 0
TFA70 000:288.190 JLINK_ReadMem(0xE000EDF0, 0x4 Bytes, ...)
TFA70 000:288.207   CPU_ReadMem(4 bytes @ 0xE000EDF0)
TFA70 000:288.792   Data:  01 00 14 01
TFA70 000:288.826   Debug reg: DHCSR
TFA70 000:288.846 - 0.656ms returns 0
TFA70 000:288.865 JLINK_ReadMem(0x400E001C, 0x4 Bytes, ...)
TFA70 000:288.882   CPU_ReadMem(4 bytes @ 0x400E001C)
TFA70 000:289.488   Data:  00 B0 00 00
TFA70 000:289.530 - 0.665ms returns 0
TFA70 000:289.555 JLINK_ReadMem(0xE000EDF0, 0x4 Bytes, ...)
TFA70 000:289.571   CPU_ReadMem(4 bytes @ 0xE000EDF0)
TFA70 000:290.199   Data:  01 00 14 01
TFA70 000:290.224   Debug reg: DHCSR
TFA70 000:290.240 - 0.685ms returns 0
TFA70 000:290.257 JLINK_ReadMem(0x400E0018, 0x4 Bytes, ...)
TFA70 000:290.273   CPU_ReadMem(4 bytes @ 0x400E0018)
TFA70 000:290.944   Data:  00 00 01 00
TFA70 000:291.001 - 0.744ms returns 0
TFA70 000:291.023 JLINK_ReadMem(0xE000EDF0, 0x4 Bytes, ...)
TFA70 000:291.039   CPU_ReadMem(4 bytes @ 0xE000EDF0)
TFA70 000:291.697   Data:  01 00 14 01
TFA70 000:291.721   Debug reg: DHCSR
TFA70 000:291.737 - 0.714ms returns 0
TFA70 000:291.754 JLINK_ReadMem(0x400E0020, 0x4 Bytes, ...)
TFA70 000:291.770   CPU_ReadMem(4 bytes @ 0x400E0020)
TFA70 000:292.393   Data:  00 00 00 00
TFA70 000:292.423 - 0.668ms returns 0
TFA70 000:292.450 JLINK_ReadMem(0xE000EDF0, 0x4 Bytes, ...)
TFA70 000:292.469   CPU_ReadMem(4 bytes @ 0xE000EDF0)
TFA70 000:293.127   Data:  01 00 14 01
TFA70 000:293.149   Debug reg: DHCSR
TFA70 000:293.163 - 0.712ms returns 0
TFA70 000:293.178 JLINK_ReadMem(0x400E0028, 0x4 Bytes, ...)
TFA70 000:293.192   CPU_ReadMem(4 bytes @ 0x400E0028)
TFA70 000:293.863   Data:  00 48 01 00
TFA70 000:293.909 - 0.730ms returns 0
TFA70 000:293.947 JLINK_ReadMem(0xE000EDF0, 0x4 Bytes, ...)
TFA70 000:293.961   CPU_ReadMem(4 bytes @ 0xE000EDF0)
TFA70 000:294.619   Data:  01 00 14 01
TFA70 000:294.640   Debug reg: DHCSR
TFA70 000:294.654 - 0.706ms returns 0
TFA70 000:294.668 JLINK_ReadMem(0x400E0024, 0x4 Bytes, ...)
TFA70 000:294.685   CPU_ReadMem(4 bytes @ 0x400E0024)
TFA70 000:295.271   Data:  00 60 01 00
TFA70 000:295.303 - 0.634ms returns 0
TFA70 000:296.695 JLINK_TIF_GetAvailable(...)
TFA70 000:297.127 - 0.431ms
TFA70 000:297.151 JLINK_TIF_Select(JLINKARM_TIF_SWD)
TFA70 000:297.163 - 0.011ms returns 0x00
TFA70 000:297.195 JLINK_SetSpeed(4000)
TFA70 000:297.376 - 0.180ms
TFA70 000:297.402 JLINK_SetEndian(ARM_ENDIAN_LITTLE)
TFA70 000:297.412 - 0.009ms returns 0
TFA70 000:297.424 JLINK_SetInitRegsOnReset(OFF)
TFA70 000:297.433 - 0.009ms returns 1
TFA70 000:297.444 JLINK_SetResetType(JLINKARM_CM3_RESET_TYPE_NORMAL)
TFA70 000:297.454 - 0.009ms returns JLINKARM_CM3_RESET_TYPE_NORMAL
TFA70 000:297.467 JLINK_ExecCommand("EnableFlashBPs", ...). 
TFA70 000:297.479 - 0.000ms returns 0x00
TFA70 000:297.492 JLINK_ExecCommand("SetAllowFlashCache = 1", ...). 
TFA70 000:298.002 - 0.498ms returns 0x01
TFA70 000:298.026 JLINK_ExecCommand("SetRestartOnClose = 0", ...). 
TFA70 000:298.040 - 0.001ms returns 0x01
TFA70 000:298.051 JLINK_EnableSoftBPs(ON)
TFA70 000:298.060 - 0.008ms
TFA70 000:298.071 JLINK_Connect()
TFA70 000:298.658   ConfigTargetSettings() start
TFA70 000:298.696    J-Link Script File: Executing ConfigTargetSettings()
TFA70 000:298.707   Configuring FlashDLNoRMWThreshold=0x200 in order to make sure that option bytes programming is done via read-modify-write
TFA70 000:304.859   ConfigTargetSettings() end - Took 6.16ms
TFA70 000:304.880   InitTarget() start
TFA70 000:304.893    J-Link Script File: Executing InitTarget()
TFA70 000:304.904   SWD selected. Executing JTAG -> SWD switching sequence.
TFA70 000:308.123   DAP initialized successfully.
TFA70 000:308.198   Determining TrustZone configuration...
TFA70 000:310.236     Secure Debug: Enabled (SSD)
TFA70 000:310.264   Determining currently configured transfer type by reading the AHB-AP CSW register.
TFA70 000:311.746     --> Correct transfer type configured. Done.
TFA70 000:311.774   InitTarget() end - Took 6.87ms
TFA70 000:312.821   Found SW-DP with ID 0x6BA02477
TFA70 000:317.216   DPIDR: 0x6BA02477
TFA70 000:317.259   CoreSight SoC-400 or earlier
TFA70 000:317.275   AP map detection skipped. Manually configured AP map found.
TFA70 000:317.291   AP[0]: AHB-AP (IDR: Not set)
TFA70 000:319.280   AP[0]: Core found
TFA70 000:319.320   AP[0]: AHB-AP ROM base: 0xE00FE000
TFA70 000:320.240   CPUID register: 0x410FD214. Implementer code: 0x41 (ARM)
TFA70 000:320.280   Feature set: Mainline
TFA70 000:321.163   Cache: No cache
TFA70 000:321.201   Found Cortex-M33 r0p4, Little endian.
TFA70 000:321.565   -- Max. mem block: 0x000018A0
TFA70 000:321.597   CPU_ReadMem(4 bytes @ 0xE000EDF0)
TFA70 000:322.208   CPU_ReadMem(4 bytes @ 0xE0002000)
TFA70 000:322.818   FPUnit: 8 code (BP) slots and 0 literal slots
TFA70 000:322.844   CPU_ReadMem(4 bytes @ 0xE000EDFC)
TFA70 000:323.506   CPU_ReadMem(4 bytes @ 0xE0001000)
TFA70 000:324.242   CPU_ReadMem(4 bytes @ 0xE0001000)
TFA70 000:325.007   CPU_ReadMem(4 bytes @ 0xE0001028)
TFA70 000:325.983   CPU_ReadMem(4 bytes @ 0xE0001038)
TFA70 000:326.975   CPU_ReadMem(4 bytes @ 0xE0001048)
TFA70 000:327.945   CPU_ReadMem(4 bytes @ 0xE0001058)
TFA70 000:328.953   CPU_WriteMem(4 bytes @ 0xE0001000)
TFA70 000:330.036   CPU_ReadMem(4 bytes @ 0xE000ED88)
TFA70 000:331.059   CPU_WriteMem(4 bytes @ 0xE000ED88)
TFA70 000:332.130   CPU_ReadMem(4 bytes @ 0xE000ED88)
TFA70 000:333.158   CPU_WriteMem(4 bytes @ 0xE000ED88)
TFA70 000:334.229   CPU_ReadMem(4 bytes @ 0xE000EFB8)
TFA70 000:335.236   Security extension: implemented
TFA70 000:335.275   Secure debug: enabled
TFA70 000:335.291   CoreSight components:
TFA70 000:335.306   ROMTbl[0] @ E00FE000
TFA70 000:335.324   CPU_ReadMem(64 bytes @ 0xE00FE000)
TFA70 000:337.161   CPU_ReadMem(32 bytes @ 0xE0044FE0)
TFA70 000:338.203   CPU_ReadMem(4 bytes @ 0xE0044FBC)
TFA70 000:338.830   CPU_ReadMem(4 bytes @ 0xE0044FCC)
TFA70 000:339.451   [0][0]: E0044000 CID B105900D PID 005BB906 DEVARCH 00000000 DEVTYPE 14 CTI (?)
TFA70 000:339.479   CPU_ReadMem(32 bytes @ 0xE0047FE0)
TFA70 000:340.394   CPU_ReadMem(4 bytes @ 0xE0047FBC)
TFA70 000:341.115   CPU_ReadMem(4 bytes @ 0xE0047FCC)
TFA70 000:341.886   [0][1]: E0047000 CID B105900D PID 003BB908 DEVARCH 00000000 DEVTYPE 12 CSTF
TFA70 000:341.911   CPU_ReadMem(32 bytes @ 0xE0048FE0)
TFA70 000:343.031   CPU_ReadMem(4 bytes @ 0xE0048FBC)
TFA70 000:343.829   CPU_ReadMem(4 bytes @ 0xE0048FCC)
TFA70 000:344.457   [0][2]: E0048000 CID B105900D PID 001BB961 DEVARCH 00000000 DEVTYPE 21 ETB
TFA70 000:344.483   CPU_ReadMem(32 bytes @ 0xE0049FE0)
TFA70 000:345.592   [0][3]: E0049000 CID B105F00D PID 001BB101 TSG
TFA70 000:345.616   CPU_ReadMem(32 bytes @ 0xE0040FE0)
TFA70 000:346.622   CPU_ReadMem(4 bytes @ 0xE0040FBC)
TFA70 000:347.257   CPU_ReadMem(4 bytes @ 0xE0040FCC)
TFA70 000:347.863   [0][4]: E0040000 CID B105900D PID 000BBD21 DEVARCH 00000000 DEVTYPE 11 TPIU
TFA70 000:347.889   CPU_ReadMem(32 bytes @ 0xE00FFFE0)
TFA70 000:348.955   [0][5]: E00FF000 CID B105100D PID 000BB4C9 ROM Table
TFA70 000:348.994   ROMTbl[1] @ E00FF000
TFA70 000:349.011   CPU_ReadMem(64 bytes @ 0xE00FF000)
TFA70 000:350.461   CPU_ReadMem(32 bytes @ 0xE000EFE0)
TFA70 000:351.859   CPU_ReadMem(4 bytes @ 0xE000EFBC)
TFA70 000:352.915   CPU_ReadMem(4 bytes @ 0xE000EFCC)
TFA70 000:353.878   [1][0]: E000E000 CID B105900D PID 000BBD21 DEVARCH 47702A04 DEVTYPE 00 Cortex-M33
TFA70 000:353.922   CPU_ReadMem(32 bytes @ 0xE0001FE0)
TFA70 000:354.933   CPU_ReadMem(4 bytes @ 0xE0001FBC)
TFA70 000:355.937   CPU_ReadMem(4 bytes @ 0xE0001FCC)
TFA70 000:356.681   [1][1]: E0001000 CID B105900D PID 000BBD21 DEVARCH 47701A02 DEVTYPE 00 DWT
TFA70 000:356.727   CPU_ReadMem(32 bytes @ 0xE0002FE0)
TFA70 000:357.772   CPU_ReadMem(4 bytes @ 0xE0002FBC)
TFA70 000:358.448   CPU_ReadMem(4 bytes @ 0xE0002FCC)
TFA70 000:359.109   [1][2]: E0002000 CID B105900D PID 000BBD21 DEVARCH 47701A03 DEVTYPE 00 FPB
TFA70 000:359.142   CPU_ReadMem(32 bytes @ 0xE0000FE0)
TFA70 000:360.531   CPU_ReadMem(4 bytes @ 0xE0000FBC)
TFA70 000:361.509   CPU_ReadMem(4 bytes @ 0xE0000FCC)
TFA70 000:362.489   [1][3]: E0000000 CID B105900D PID 000BBD21 DEVARCH 47701A01 DEVTYPE 43 ITM
TFA70 000:362.537   CPU_ReadMem(32 bytes @ 0xE0041FE0)
TFA70 000:363.879   CPU_ReadMem(4 bytes @ 0xE0041FBC)
TFA70 000:364.791   CPU_ReadMem(4 bytes @ 0xE0041FCC)
TFA70 000:365.878   [1][5]: E0041000 CID B105900D PID 002BBD21 DEVARCH 47724A13 DEVTYPE 13 ETM
TFA70 000:365.946   CPU_ReadMem(32 bytes @ 0xE0042FE0)
TFA70 000:367.243   CPU_ReadMem(4 bytes @ 0xE0042FBC)
TFA70 000:368.243   CPU_ReadMem(4 bytes @ 0xE0042FCC)
TFA70 000:369.301   [1][6]: E0042000 CID B105900D PID 000BBD21 DEVARCH 47701A14 DEVTYPE 14 CSS600-CTI
TFA70 000:369.367 - 71.294ms returns 0x00
TFA70 000:369.406 JLINK_Halt()
TFA70 000:377.169 - 7.760ms returns 0x00
TFA70 000:377.260 JLINK_IsHalted()
TFA70 000:377.292 - 0.031ms returns TRUE
TFA70 000:377.480 JLINK_ResetPullsRESET(ON)
TFA70 000:377.531 - 0.051ms
TFA70 000:377.566 JLINK_Reset()
TFA70 000:377.633   CPU_WriteMem(4 bytes @ 0xE000EDF0)
TFA70 000:378.505   CPU_ReadMem(4 bytes @ 0xE000ED44)
TFA70 000:379.398   CPU_ReadMem(4 bytes @ 0xE000EE08)
TFA70 000:380.216   CPU_WriteMem(4 bytes @ 0xE000EE08)
TFA70 000:381.053   CPU_ReadMem(4 bytes @ 0xE000EE08)
TFA70 000:382.109   Reset: ARMv8M core with Security Extension enabled detected. Switch to secure domain.
TFA70 000:382.196   CPU_WriteMem(4 bytes @ 0xE000EDFC)
TFA70 000:383.119   Reset: Halt core after reset via DEMCR.VC_CORERESET.
TFA70 000:384.843   Reset: Reset device via AIRCR.SYSRESETREQ.
TFA70 000:384.941   CPU_WriteMem(4 bytes @ 0xE000ED0C)
TFA70 000:441.124   CPU_ReadMem(4 bytes @ 0xE000EDF0)
TFA70 000:442.041   CPU_ReadMem(4 bytes @ 0xE000EDF0)
TFA70 000:442.916   CPU_WriteMem(4 bytes @ 0xE000EDFC)
TFA70 000:450.238   CPU_ReadMem(4 bytes @ 0xE000EDF0)
TFA70 000:458.313   CPU_ReadMem(4 bytes @ 0xE000EE08)
TFA70 000:459.254   CPU_WriteMem(4 bytes @ 0xE0002000)
TFA70 000:460.234   CPU_ReadMem(4 bytes @ 0xE000EDFC)
TFA70 000:461.315   CPU_ReadMem(4 bytes @ 0xE0001000)
TFA70 000:462.277   CPU_ReadMem(4 bytes @ 0xE000EE08)
TFA70 000:463.169 - 85.599ms
TFA70 000:463.497 JLINK_ReadMem(0xE000EDF0, 0x4 Bytes, ...)
TFA70 000:463.597   CPU_ReadMem(4 bytes @ 0xE000EDF0)
TFA70 000:464.394   Data:  03 00 13 00
TFA70 000:464.478   Debug reg: DHCSR
TFA70 000:464.530 - 1.034ms returns 0
TFA70 000:464.629 JLINK_ReadMem(0x010080F0, 0x10 Bytes, ...)
TFA70 000:464.686   CPU_ReadMem(16 bytes @ 0x010080F0)
TFA70 000:465.676   Data:  52 37 46 41 34 4D 32 41 44 33 43 46 50 20 20 20
TFA70 000:465.774 - 1.145ms returns 0
TFA70 000:466.692 JLINK_IsHalted()
TFA70 000:466.761 - 0.068ms returns TRUE
TFA70 000:477.902 JLINK_ReadMem(0xE000EDF0, 0x4 Bytes, ...)
TFA70 000:478.013   CPU_ReadMem(4 bytes @ 0xE000EDF0)
TFA70 000:479.004   Data:  03 00 13 00
TFA70 000:479.112   Debug reg: DHCSR
TFA70 000:479.165 - 1.264ms returns 0
TFA70 000:479.226 JLINK_ReadMem(0x400E002C, 0x4 Bytes, ...)
TFA70 000:479.282   CPU_ReadMem(4 bytes @ 0x400E002C)
TFA70 000:480.327   Data:  02 00 00 00
TFA70 000:480.467 - 1.241ms returns 0
TFA70 000:480.566 JLINK_MeasureCPUSpeed(RAMAddr = 0x20000000)
TFA70 000:480.626   CPU_ReadMem(16 bytes @ 0x20000000)
TFA70 000:482.559   CPU_ReadMem(4 bytes @ 0xE000EDFC)
TFA70 000:483.450   CPU_ReadMem(4 bytes @ 0xE0001000)
TFA70 000:484.617   CPU_ReadMem(6 bytes @ 0x20000000)
TFA70 000:485.647   CPU_ReadMem(4 bytes @ 0xE000ED90)
TFA70 000:486.568   CPU_ReadMem(4 bytes @ 0xE000ED94)
TFA70 000:487.607   CPU_WriteMem(16 bytes @ 0x20000000)
TFA70 000:488.766   CPU_WriteMem(6 bytes @ 0x20000000)
TFA70 000:489.843   CPU_ReadMem(6 bytes @ 0x20000000)
TFA70 000:490.855   CPU_ReadMem(4 bytes @ 0xE000EE08)
TFA70 000:491.779   CPU_WriteMem(4 bytes @ 0xE0002008)
TFA70 000:491.880   CPU_WriteMem(4 bytes @ 0xE000200C)
TFA70 000:491.931   CPU_WriteMem(4 bytes @ 0xE0002010)
TFA70 000:491.981   CPU_WriteMem(4 bytes @ 0xE0002014)
TFA70 000:492.031   CPU_WriteMem(4 bytes @ 0xE0002018)
TFA70 000:492.080   CPU_WriteMem(4 bytes @ 0xE000201C)
TFA70 000:492.129   CPU_WriteMem(4 bytes @ 0xE0002020)
TFA70 000:492.178   CPU_WriteMem(4 bytes @ 0xE0002024)
TFA70 000:496.304   CPU_WriteMem(4 bytes @ 0xE0001004)
TFA70 000:508.974   CPU_ReadMem(4 bytes @ 0xE0001004)
TFA70 000:509.923   CPU_ReadMem(4 bytes @ 0xE000EE08)
TFA70 000:510.904   CPU_WriteMem(4 bytes @ 0xE0002008)
TFA70 000:511.938   CPU_WriteMem(4 bytes @ 0xE000200C)
TFA70 000:512.969   CPU_WriteMem(4 bytes @ 0xE0002010)
TFA70 000:513.905   CPU_WriteMem(4 bytes @ 0xE0002014)
TFA70 000:514.925   CPU_WriteMem(4 bytes @ 0xE0002018)
TFA70 000:515.874   CPU_WriteMem(4 bytes @ 0xE000201C)
TFA70 000:516.751   CPU_WriteMem(4 bytes @ 0xE0002020)
TFA70 000:517.725   CPU_WriteMem(4 bytes @ 0xE0002024)
TFA70 000:518.758   CPU_ReadMem(4 bytes @ 0xE000EE08)
TFA70 000:519.640   CPU_ReadMem(4 bytes @ 0xE000EE08)
TFA70 000:520.566   CPU_WriteMem(4 bytes @ 0xE0001004)
TFA70 000:552.992   CPU_ReadMem(4 bytes @ 0xE0001004)
TFA70 000:553.823   CPU_WriteMem(6 bytes @ 0x20000000)
TFA70 000:554.822   ClockFreq: 2109600 Hz
TFA70 000:554.881 - 74.315ms returns 2109600
TFA70 000:555.569 JLINK_ReadReg(XPSR)
TFA70 000:555.625   CPU_ReadMem(4 bytes @ 0xE000EE08)
TFA70 000:556.352 - 0.781ms returns 0xF9000000
TDFE8 002:728.254 JLINK_WriteMem(0x20011ABC, 0x4 Bytes, ...)
TDFE8 002:728.285   Data:  00 00 00 00
TDFE8 002:729.251   CPU_WriteMem(4 bytes @ 0x20011ABC)
TDFE8 002:730.107 - 1.853ms returns 0x4
TDFE8 002:783.080 JLINK_ReadMem(0x20011ABC, 0x4 Bytes, ...)
TDFE8 002:783.131   CPU_ReadMem(4 bytes @ 0x20011ABC)
TDFE8 002:784.051   Data:  00 00 00 00
TDFE8 002:784.092 - 1.012ms returns 0
TDFE8 002:784.119 JLINK_ReadMem(0x20011B94, 0x4 Bytes, ...)
TDFE8 002:784.147   CPU_ReadMem(4 bytes @ 0x20011B94)
TDFE8 002:784.938   Data:  AC 13 00 20
TDFE8 002:784.976 - 0.858ms returns 0
TDFE8 002:785.003 JLINK_ReadMem(0x00000000, 0x4 Bytes, ...)
TDFE8 002:785.021   CPU_ReadMem(64 bytes @ 0x00000000)
TDFE8 002:786.482    -- Updating C cache (64 bytes @ 0x00000000)
TDFE8 002:786.519    -- Read from C cache (4 bytes @ 0x00000000)
TDFE8 002:786.548   Data:  98 24 01 20
TDFE8 002:786.564 - 1.561ms returns 0
TDFE8 002:786.636 JLINK_ReadReg(XPSR)
TDFE8 002:787.194   CPU_ReadMem(4 bytes @ 0xE000EE08)
TDFE8 002:787.840 - 1.203ms returns 0xF9000000
TDFE8 002:787.878 JLINK_ReadMem(0x20011ABC, 0x4 Bytes, ...)
TDFE8 002:787.896   CPU_ReadMem(4 bytes @ 0x20011ABC)
TDFE8 002:788.569   Data:  00 00 00 00
TDFE8 002:788.593 - 0.714ms returns 0
TDFE8 002:788.611 JLINK_ReadMem(0x20011B94, 0x4 Bytes, ...)
TDFE8 002:788.627   CPU_ReadMem(4 bytes @ 0x20011B94)
TDFE8 002:789.271   Data:  AC 13 00 20
TDFE8 002:789.295 - 0.684ms returns 0
TDFE8 002:789.314 JLINK_ReadMem(0x00000000, 0x4 Bytes, ...)
TDFE8 002:789.327    -- Read from C cache (4 bytes @ 0x00000000)
TDFE8 002:789.342   Data:  98 24 01 20
TDFE8 002:789.356 - 0.043ms returns 0
TDFE8 002:829.024 JLINK_ReadMem(0x20011ABC, 0x4 Bytes, ...)
TDFE8 002:829.073   CPU_ReadMem(4 bytes @ 0x20011ABC)
TDFE8 002:829.774   Data:  00 00 00 00
TDFE8 002:829.805 - 0.781ms returns 0
TDFE8 002:829.828 JLINK_ReadMem(0x20011B94, 0x4 Bytes, ...)
TDFE8 002:829.853   CPU_ReadMem(4 bytes @ 0x20011B94)
TDFE8 002:830.842   Data:  AC 13 00 20
TDFE8 002:830.888 - 1.060ms returns 0
TDFE8 002:830.916 JLINK_ReadMem(0x00000000, 0x4 Bytes, ...)
TDFE8 002:830.933    -- Read from C cache (4 bytes @ 0x00000000)
TDFE8 002:830.949   Data:  98 24 01 20
TDFE8 002:830.970 - 0.053ms returns 0
TDFE8 002:831.034 JLINK_ReadReg(XPSR)
TDFE8 002:831.055 - 0.020ms returns 0xF9000000
TDFE8 002:831.079 JLINK_ReadMem(0x20011ABC, 0x4 Bytes, ...)
TDFE8 002:831.096   CPU_ReadMem(4 bytes @ 0x20011ABC)
TDFE8 002:832.100   Data:  00 00 00 00
TDFE8 002:832.156 - 1.077ms returns 0
TDFE8 002:832.193 JLINK_ReadMem(0x20011B94, 0x4 Bytes, ...)
TDFE8 002:832.222   CPU_ReadMem(4 bytes @ 0x20011B94)
TDFE8 002:832.948   Data:  AC 13 00 20
TDFE8 002:833.003 - 0.810ms returns 0
TDFE8 002:833.035 JLINK_ReadMem(0x00000000, 0x4 Bytes, ...)
TDFE8 002:833.051    -- Read from C cache (4 bytes @ 0x00000000)
TDFE8 002:833.066   Data:  98 24 01 20
TDFE8 002:833.080 - 0.045ms returns 0
TDFE8 003:592.260 JLINK_BeginDownload(Flags = 0x00000000)
TDFE8 003:592.294 - 0.035ms
TDFE8 003:612.017 JLINK_ReadMem(0xE000EDF0, 0x4 Bytes, ...)
TDFE8 003:612.056   CPU_ReadMem(4 bytes @ 0xE000EDF0)
TDFE8 003:612.779   Data:  03 00 13 00
TDFE8 003:612.819   Debug reg: DHCSR
TDFE8 003:612.835 - 0.818ms returns 0
TDFE8 003:616.581 JLINK_WriteMem(0x00000000, 0xBD0 Bytes, ...)
TDFE8 003:616.611   Data:  98 24 01 20 B9 7A 00 00 21 79 00 00 B5 7A 00 00 ...
TDFE8 003:617.348   completely In flash
TDFE8 003:617.376 - 0.795ms returns 0xBD0
TDFE8 003:618.144 JLINK_WriteMem(0x00000BD0, 0xBB0 Bytes, ...)
TDFE8 003:618.170   Data:  05 D8 DF E8 03 F0 B5 04 04 04 04 5A 15 10 00 20 ...
TDFE8 003:618.199   completely In flash
TDFE8 003:618.222 - 0.078ms returns 0xBB0
TDFE8 003:618.812 JLINK_WriteMem(0x00001780, 0xB70 Bytes, ...)
TDFE8 003:618.840   Data:  05 30 06 92 01 F0 A2 FE 0A B0 10 BD 02 22 10 B5 ...
TDFE8 003:618.881   completely In flash
TDFE8 003:618.899 - 0.087ms returns 0xB70
TDFE8 003:619.499 JLINK_WriteMem(0x000022F0, 0xB80 Bytes, ...)
TDFE8 003:619.520   Data:  90 F8 24 20 04 4B 33 F8 12 30 9B B2 02 2B 1C BF ...
TDFE8 003:619.542   completely In flash
TDFE8 003:619.559 - 0.060ms returns 0xB80
TDFE8 003:620.074 JLINK_WriteMem(0x00002E70, 0xBB0 Bytes, ...)
TDFE8 003:620.095   Data:  14 4A 23 F0 40 03 1B 04 1B 0C 23 81 13 89 5B 07 ...
TDFE8 003:620.115   completely In flash
TDFE8 003:620.132 - 0.058ms returns 0xBB0
TDFE8 003:620.542 JLINK_WriteMem(0x00003A20, 0xBA0 Bytes, ...)
TDFE8 003:620.563   Data:  4F F0 80 52 05 4B 5A 60 BF F3 4F 8F BF F3 6F 8F ...
TDFE8 003:620.582   completely In flash
TDFE8 003:620.599 - 0.057ms returns 0xBA0
TDFE8 003:621.156 JLINK_WriteMem(0x000045C0, 0xBB0 Bytes, ...)
TDFE8 003:621.177   Data:  C9 44 00 00 C9 44 00 00 C9 44 00 00 C9 44 00 00 ...
TDFE8 003:621.197   completely In flash
TDFE8 003:621.214 - 0.058ms returns 0xBB0
TDFE8 003:621.750 JLINK_WriteMem(0x00005170, 0xB90 Bytes, ...)
TDFE8 003:621.770   Data:  10 B5 04 46 FD F7 E6 FD 20 46 BD E8 10 40 FD F7 ...
TDFE8 003:621.789   completely In flash
TDFE8 003:621.806 - 0.056ms returns 0xB90
TDFE8 003:622.252 JLINK_WriteMem(0x00005D00, 0xB70 Bytes, ...)
TDFE8 003:622.274   Data:  28 E0 90 F8 24 E0 0C EB 8C 0C 0E EB 0E 1E 24 F8 ...
TDFE8 003:622.294   completely In flash
TDFE8 003:622.311 - 0.059ms returns 0xB70
TDFE8 003:622.832 JLINK_WriteMem(0x00006870, 0xB70 Bytes, ...)
TDFE8 003:622.852   Data:  0A FB 09 F3 05 EB C5 02 03 EB 82 03 43 44 59 88 ...
TDFE8 003:622.872   completely In flash
TDFE8 003:622.889 - 0.057ms returns 0xB70
TDFE8 003:623.463 JLINK_WriteMem(0x000073E0, 0xB90 Bytes, ...)
TDFE8 003:623.484   Data:  40 F2 DC 56 C8 E7 28 78 8D F8 28 00 FB F7 0A FC ...
TDFE8 003:623.507   completely In flash
TDFE8 003:623.525 - 0.062ms returns 0xB90
TDFE8 003:623.987 JLINK_WriteMem(0x00007F70, 0xBC0 Bytes, ...)
TDFE8 003:624.007   Data:  84 F8 44 10 84 F8 45 10 BE B9 23 69 1B B9 F9 F7 ...
TDFE8 003:624.026   completely In flash
TDFE8 003:624.043 - 0.056ms returns 0xBC0
TDFE8 003:624.594 JLINK_WriteMem(0x00008B30, 0xBB0 Bytes, ...)
TDFE8 003:624.614   Data:  11 68 08 BF 50 60 01 39 C3 F8 28 80 11 60 D9 F8 ...
TDFE8 003:624.666   completely In flash
TDFE8 003:624.684 - 0.090ms returns 0xBB0
TDFE8 003:625.186 JLINK_WriteMem(0x000096E0, 0xB30 Bytes, ...)
TDFE8 003:625.206   Data:  4E E7 FF F7 FD FB FF F7 FF FC 33 68 81 46 98 42 ...
TDFE8 003:625.229   completely In flash
TDFE8 003:625.246 - 0.060ms returns 0xB30
TDFE8 003:625.719 JLINK_WriteMem(0x0000A210, 0xBE0 Bytes, ...)
TDFE8 003:625.737   Data:  20 30 78 30 30 30 37 20 29 20 29 20 3D 3D 20 30 ...
TDFE8 003:625.755   completely In flash
TDFE8 003:625.826 - 0.107ms returns 0xBE0
TDFE8 003:626.077 JLINK_WriteMem(0x0000ADF0, 0x38 Bytes, ...)
TDFE8 003:626.095   Data:  54 69 6D 65 72 54 61 73 6B 00 FF FF 10 00 00 00 ...
TDFE8 003:626.112   completely In flash
TDFE8 003:626.132 - 0.054ms returns 0x38
TDFE8 003:626.383 JLINK_WriteMem(0x0000AE28, 0x114 Bytes, ...)
TDFE8 003:626.400   Data:  00 00 00 00 00 00 00 00 00 00 00 00 00 00 00 00 ...
TDFE8 003:626.418   completely In flash
TDFE8 003:626.434 - 0.051ms returns 0x114
TDFE8 003:627.084 JLINK_WriteMem(0x0100A100, 0x10 Bytes, ...)
TDFE8 003:627.113   Data:  FF FF FF FF FF FF FF FF FF FF FF FF FF FF FF FF
TDFE8 003:627.439   completely In flash
TDFE8 003:627.462 - 0.378ms returns 0x10
TDFE8 003:628.248 JLINK_WriteMem(0x0100A134, 0x4 Bytes, ...)
TDFE8 003:628.284   Data:  FF FF FF FF
TDFE8 003:628.313   completely In flash
TDFE8 003:628.336 - 0.088ms returns 0x4
TDFE8 003:629.164 JLINK_WriteMem(0x0100A200, 0xD0 Bytes, ...)
TDFE8 003:629.199   Data:  FF FD FF FF FF FF FF FF FF FF FF FF FF FF FF FF ...
TDFE8 003:629.227   completely In flash
TDFE8 003:629.250 - 0.086ms returns 0xD0
TDFE8 003:630.464 JLINK_ReadMem(0x20011ABC, 0x4 Bytes, ...)
TDFE8 003:630.896   CPU_ReadMem(4 bytes @ 0xE000ED90)
TDFE8 003:631.571   CPU_ReadMem(4 bytes @ 0xE000ED94)
TDFE8 003:632.202    -- --------------------------------------
TDFE8 003:632.232    -- Start of determining flash info (Bank @ 0x0100A100)
TDFE8 003:632.682    -- End of determining flash info
TDFE8 003:632.708    -- Start of determining dirty areas in flash cache
TDFE8 003:632.726    -- Filling invalid ranges in sector buffer (flash cache) for sector @ 0x0100A100 if necessary
TDFE8 003:632.747    -- Filling invalid ranges in sector buffer (flash cache) for sector @ 0x0100A130 if necessary
TDFE8 003:632.765    -- Filling invalid ranges in sector buffer (flash cache) for sector @ 0x0100A200 if necessary
TDFE8 003:632.782    -- Filling invalid ranges in sector buffer (flash cache) for sector @ 0x0100A210 if necessary
TDFE8 003:632.799    -- Filling invalid ranges in sector buffer (flash cache) for sector @ 0x0100A220 if necessary
TDFE8 003:632.816    -- Filling invalid ranges in sector buffer (flash cache) for sector @ 0x0100A230 if necessary
TDFE8 003:632.832    -- Filling invalid ranges in sector buffer (flash cache) for sector @ 0x0100A240 if necessary
TDFE8 003:632.849    -- Filling invalid ranges in sector buffer (flash cache) for sector @ 0x0100A250 if necessary
TDFE8 003:632.866    -- Filling invalid ranges in sector buffer (flash cache) for sector @ 0x0100A260 if necessary
TDFE8 003:632.883    -- Filling invalid ranges in sector buffer (flash cache) for sector @ 0x0100A270 if necessary
TDFE8 003:632.904    -- Filling invalid ranges in sector buffer (flash cache) for sector @ 0x0100A280 if necessary
TDFE8 003:632.930    -- Filling invalid ranges in sector buffer (flash cache) for sector @ 0x0100A290 if necessary
TDFE8 003:632.962    -- Filling invalid ranges in sector buffer (flash cache) for sector @ 0x0100A2A0 if necessary
TDFE8 003:632.979    -- Filling invalid ranges in sector buffer (flash cache) for sector @ 0x0100A2B0 if necessary
TDFE8 003:632.996    -- Filling invalid ranges in sector buffer (flash cache) for sector @ 0x0100A2C0 if necessary
TDFE8 003:633.012    -- End of determining dirty areas
TDFE8 003:633.028    -- Start of preparing flash programming
TDFE8 003:633.044    -- Preparing RAMCode
TDFE8 003:633.060    -- Calculating RAM usage
TDFE8 003:633.076    -- RAM usage = 5120 Bytes
TDFE8 003:633.092    -- Preserving CPU registers
TDFE8 003:633.658    -- Preparing memory
TDFE8 003:633.688    -- Determining CPU clock frequency
TDFE8 003:691.547    -- CPU frequency = 2111 kHz
TDFE8 003:691.662    -- Preparing target
TDFE8 003:691.716    -- Preserving target RAM temporarily used for programming
TDFE8 003:752.066    -- Downloading RAMCode
TDFE8 003:832.795    -- Initializing RAMCode (InitType: 3 = Verify)
TDFE8 003:832.896    -- Executing Init(3)
TDFE8 003:856.725    -- End of preparing flash programming
TDFE8 004:092.422   
  ***** Warning: 
TDFE8 004:092.522   CPU is running at low speed (2111 kHz).
TDFE8 004:092.573    -- CPU is running at 2111 kHz.
TDFE8 004:092.628    -- Start of comparing flash
TDFE8 004:092.682    -- Flash algorithm supports a native verify function which is used to compare the flash content.
TDFE8 004:270.339    -- Comparing range 0x100A100 - 0x100A10F (1 Sector, 16 Bytes), using verify function of the RAMCode
TDFE8 004:272.786    -- Data matches for sector 0
TDFE8 004:275.413    -- Comparing range 0x100A130 - 0x100A13F (1 Sector, 16 Bytes), using verify function of the RAMCode
TDFE8 004:278.045    -- Data matches for sector 3
TDFE8 004:278.801    -- Comparing range 0x100A200 - 0x100A2CF (13 Sectors, 208 Bytes), using verify function of the RAMCode
TDFE8 004:284.514    -- Data matches for sectors 16-28
TDFE8 004:284.593    -- End of comparing flash
TDFE8 004:284.645    -- Start of erasing sectors
TDFE8 004:284.661    -- End of erasing sectors
TDFE8 004:284.675    -- Start of flash programming
TDFE8 004:284.690    -- End of flash programming
TDFE8 004:284.707    -- Start of verifying flash
TDFE8 004:284.722    -- End of verifying flash
TDFE8 004:284.737    -- Start of restoring
TDFE8 004:284.754    -- Executing UnInit()
TDFE8 004:296.051    -- Restoring target memory
TDFE8 004:348.689    -- Restoring CPU registers
TDFE8 004:349.897    -- End of restoring
TDFE8 004:349.981    -- Bank 0 @ 0x0100A100: Skipped. Contents already match
TDFE8 004:350.019    -- Bank 0 @ 0x0100A100: Skipped. Contents already match
TDFE8 004:392.846    -- --------------------------------------
TDFE8 004:392.960    -- Flash bank @ 0x00000000: Default: L2 verify disabled because algorithm performs L1 verify
TDFE8 004:393.019    -- Start of determining dirty areas in flash cache
TDFE8 004:393.080    -- Filling invalid ranges in sector buffer (flash cache) for sector @ 0x00000000 if necessary
TDFE8 004:393.139    -- Filling invalid ranges in sector buffer (flash cache) for sector @ 0x00002000 if necessary
TDFE8 004:393.198    -- Filling invalid ranges in sector buffer (flash cache) for sector @ 0x00004000 if necessary
TDFE8 004:393.256    -- Filling invalid ranges in sector buffer (flash cache) for sector @ 0x00006000 if necessary
TDFE8 004:393.315    -- Filling invalid ranges in sector buffer (flash cache) for sector @ 0x00008000 if necessary
TDFE8 004:393.373    -- Filling invalid ranges in sector buffer (flash cache) for sector @ 0x0000A000 if necessary
TDFE8 004:393.761    -- End of determining dirty areas
TDFE8 004:393.821    -- Start of preparing flash programming
TDFE8 004:393.874    -- Calculating RAM usage
TDFE8 004:417.263    -- RAM usage = 4500 Bytes
TDFE8 004:417.390    -- Preserving CPU registers
TDFE8 004:417.655    -- Determining CPU clock frequency
TDFE8 004:478.243    -- Preparing target
TDFE8 004:478.355    -- Preserving target RAM temporarily used for programming
TDFE8 004:531.579    -- Downloading RAMCode
TDFE8 004:581.829    -- Preparing RAMCode
TDFE8 004:606.232    -- CPU frequency = 100000 kHz
TDFE8 004:606.370    -- End of preparing flash programming
TDFE8 004:617.581    -- CPU is running at 100000 kHz.
TDFE8 004:617.687    -- Start of comparing flash
TDFE8 004:617.745    -- CRC check was estimated as fastest method
TDFE8 004:745.533    -- Comparing range 0x0000 - 0xBFFF (6 Sectors, 48 KB), using multi-block CRC calculation
TDFE8 004:779.246    -- CRC does not match for sectors 0-5
TDFE8 004:779.321    -- End of comparing flash
TDFE8 004:779.361    -- Start of erasing sectors
TDFE8 004:779.402    -- Erasing range 0x00000000 - 0x0000BFFF (  6 Sectors, 48 KB)
TDFE8 005:043.015    -- End of erasing sectors
TDFE8 005:043.191    -- Start of flash programming
TDFE8 005:043.296    -- Programming range 0x00000000 - 0x00007FFF (  4 Sectors, 32 KB)
TDFE8 005:685.074    -- Programming range 0x00008000 - 0x0000BFFF (  2 Sectors, 16 KB)
TDFE8 005:962.195    -- End of flash programming
TDFE8 005:962.324    -- 0x0000 - 0xBFFF (  6 Sectors, 48 KB)
TDFE8 005:962.405    -- Start of restoring
TDFE8 005:962.459    -- Restoring RAMCode
TDFE8 006:005.537    -- Restoring target memory
TDFE8 006:052.157    -- Restore target
TDFE8 006:052.297    -- Restoring CPU registers
TDFE8 006:053.397    -- End of restoring
TDFE8 006:053.493    -- Bank 1 @ 0x00000000: 1 range affected (49152 bytes)
TDFE8 006:053.559    -- Total: 1.659s (Prepare: 0.223s, Compare: 0.161s, Erase: 0.263s, Program & Verify: 0.948s, Restore: 0.061s)
TDFE8 006:053.660    -- Program & Verify speed: 50 KB/s
TDFE8 006:159.778   CPU_ReadMem(4 bytes @ 0x20011ABC)
TDFE8 006:160.743   Data:  00 00 00 00
TDFE8 006:160.865 - 2530.399ms returns 0
TDFE8 006:160.989 JLINK_ReadMem(0x20011B94, 0x4 Bytes, ...)
TDFE8 006:161.085   CPU_ReadMem(4 bytes @ 0x20011B94)
TDFE8 006:161.977   Data:  AC 13 00 20
TDFE8 006:162.077 - 1.089ms returns 0
TDFE8 006:164.363 JLINK_ReadMem(0x00000000, 0x4 Bytes, ...)
TDFE8 006:164.658    -- Read from flash cache (4 bytes @ 0x00000000)
TDFE8 006:164.787   Data:  98 24 01 20
TDFE8 006:164.921 - 0.558ms returns 0
TDFE8 006:201.189 JLINK_EndDownload()
TDFE8 006:201.259 - 0.069ms returns 0 (0x0)
TDFE8 006:201.793 JLINK_WriteReg(R15 (PC), 0x00007AB8)
TDFE8 006:201.956 - 0.163ms returns 0
TDFE8 006:202.003 JLINK_WriteReg(XPSR, 0x01000000)
TDFE8 006:202.037 - 0.033ms returns 0
TDFE8 006:202.424 JLINK_WriteMem(0x20011ABC, 0x4 Bytes, ...)
TDFE8 006:202.471   Data:  00 00 00 00
TDFE8 006:202.528   CPU_WriteMem(4 bytes @ 0x20011ABC)
TDFE8 006:203.257 - 0.833ms returns 0x4
TDFE8 006:204.501 JLINK_SetEndian(ARM_ENDIAN_LITTLE)
TDFE8 006:204.549 - 0.046ms returns 0
TDFE8 006:204.595 JLINK_ReadMem(0x20011ABC, 0x4 Bytes, ...)
TDFE8 006:204.636   CPU_ReadMem(4 bytes @ 0x20011ABC)
TDFE8 006:205.305   Data:  00 00 00 00
TDFE8 006:205.356 - 0.760ms returns 0
TDFE8 006:205.392 JLINK_ReadMem(0x20011B94, 0x4 Bytes, ...)
TDFE8 006:205.424   CPU_ReadMem(4 bytes @ 0x20011B94)
TDFE8 006:206.099   Data:  AC 13 00 20
TDFE8 006:206.141 - 0.750ms returns 0
TDFE8 006:206.176 JLINK_ReadMem(0x00000000, 0x4 Bytes, ...)
TDFE8 006:206.199    -- Read from flash cache (4 bytes @ 0x00000000)
TDFE8 006:206.227   Data:  98 24 01 20
TDFE8 006:206.253 - 0.077ms returns 0
TDFE8 006:259.468 JLINK_WriteMem(0x20011ABC, 0x4 Bytes, ...)
TDFE8 006:259.496   Data:  00 00 00 00
TDFE8 006:259.527   CPU_WriteMem(4 bytes @ 0x20011ABC)
TDFE8 006:260.240 - 0.771ms returns 0x4
TDFE8 006:270.939 JLINK_ReadMem(0x20011ABC, 0x4 Bytes, ...)
TDFE8 006:271.001   CPU_ReadMem(4 bytes @ 0x20011ABC)
TDFE8 006:271.648   Data:  00 00 00 00
TDFE8 006:271.674 - 0.736ms returns 0
TDFE8 006:271.695 JLINK_ReadMem(0x20011B94, 0x4 Bytes, ...)
TDFE8 006:271.712   CPU_ReadMem(4 bytes @ 0x20011B94)
TDFE8 006:272.317   Data:  AC 13 00 20
TDFE8 006:272.342 - 0.646ms returns 0
TDFE8 006:272.362 JLINK_ReadMem(0x00000000, 0x4 Bytes, ...)
TDFE8 006:272.375    -- Read from flash cache (4 bytes @ 0x00000000)
TDFE8 006:272.389   Data:  98 24 01 20
TDFE8 006:272.403 - 0.041ms returns 0
TDFE8 006:272.462 JLINK_ReadReg(XPSR)
TDFE8 006:273.118 - 0.655ms returns 0x01000000
TDFE8 006:273.156 JLINK_ReadMem(0x20011ABC, 0x4 Bytes, ...)
TDFE8 006:273.171   CPU_ReadMem(4 bytes @ 0x20011ABC)
TDFE8 006:273.782   Data:  00 00 00 00
TDFE8 006:273.806 - 0.650ms returns 0
TDFE8 006:273.825 JLINK_ReadMem(0x20011B94, 0x4 Bytes, ...)
TDFE8 006:273.841   CPU_ReadMem(4 bytes @ 0x20011B94)
TDFE8 006:274.471   Data:  AC 13 00 20
TDFE8 006:274.494 - 0.668ms returns 0
TDFE8 006:274.513 JLINK_ReadMem(0x00000000, 0x4 Bytes, ...)
TDFE8 006:274.526    -- Read from flash cache (4 bytes @ 0x00000000)
TDFE8 006:274.541   Data:  98 24 01 20
TDFE8 006:274.555 - 0.042ms returns 0
TDFE8 006:279.112 JLINK_ReadMem(0x00007A80, 0x40 Bytes, ...)
TDFE8 006:279.141    -- Read from flash cache (64 bytes @ 0x00007A80)
TDFE8 006:279.157   Data:  10 C0 9B B2 43 EA 0C 03 43 F4 25 43 9B B2 A4 F8 ...
TDFE8 006:279.171 - 0.059ms returns 0
TDFE8 006:305.093 JLINK_ReadMem(0x20011ABC, 0x4 Bytes, ...)
TDFE8 006:305.152   CPU_ReadMem(4 bytes @ 0x20011ABC)
TDFE8 006:305.782   Data:  00 00 00 00
TDFE8 006:305.817 - 0.724ms returns 0
TDFE8 006:305.838 JLINK_ReadMem(0x20011B94, 0x4 Bytes, ...)
TDFE8 006:305.860   CPU_ReadMem(4 bytes @ 0x20011B94)
TDFE8 006:306.462   Data:  AC 13 00 20
TDFE8 006:306.488 - 0.650ms returns 0
TDFE8 006:306.508 JLINK_ReadMem(0x00000000, 0x4 Bytes, ...)
TDFE8 006:306.521    -- Read from flash cache (4 bytes @ 0x00000000)
TDFE8 006:306.536   Data:  98 24 01 20
TDFE8 006:306.550 - 0.042ms returns 0
TDFE8 006:306.611 JLINK_ReadReg(XPSR)
TDFE8 006:306.627 - 0.016ms returns 0x01000000
TDFE8 006:306.649 JLINK_ReadMem(0x20011ABC, 0x4 Bytes, ...)
TDFE8 006:306.663   CPU_ReadMem(4 bytes @ 0x20011ABC)
TDFE8 006:307.240   Data:  00 00 00 00
TDFE8 006:307.265 - 0.615ms returns 0
TDFE8 006:307.284 JLINK_ReadMem(0x20011B94, 0x4 Bytes, ...)
TDFE8 006:307.300   CPU_ReadMem(4 bytes @ 0x20011B94)
TDFE8 006:307.875   Data:  AC 13 00 20
TDFE8 006:307.900 - 0.616ms returns 0
TDFE8 006:307.919 JLINK_ReadMem(0x00000000, 0x4 Bytes, ...)
TDFE8 006:307.932    -- Read from flash cache (4 bytes @ 0x00000000)
TDFE8 006:307.947   Data:  98 24 01 20
TDFE8 006:307.961 - 0.042ms returns 0
TDFE8 006:308.807 JLINK_ReadMem(0x00007A80, 0x40 Bytes, ...)
TDFE8 006:308.839    -- Read from flash cache (64 bytes @ 0x00007A80)
TDFE8 006:308.861   Data:  10 C0 9B B2 43 EA 0C 03 43 F4 25 43 9B B2 A4 F8 ...
TDFE8 006:308.881 - 0.075ms returns 0
TDFE8 008:087.880 JLINK_GetNumBPUnits(Type = 0xFFFFFF00)
TDFE8 008:087.913 - 0.033ms returns 0x08
TDFE8 008:087.926 JLINK_GetNumWPUnits()
TDFE8 008:087.936 - 0.009ms returns 4
TDFE8 008:087.948 JLINK_GetNumWPUnits()
TDFE8 008:087.957 - 0.009ms returns 4
TDFE8 008:087.973 JLINK_GetNumBPUnits(Type = 0xFFFFFF00)
TDFE8 008:087.984 - 0.010ms returns 0x08
TDFE8 008:087.995 JLINK_GetNumWPUnits()
TDFE8 008:088.005 - 0.009ms returns 4
TDFE8 008:088.016 JLINK_GetNumWPUnits()
TDFE8 008:088.025 - 0.009ms returns 4
TDFE8 008:088.040 JLINK_GetNumBPUnits(Type = 0xFFFFFF00)
TDFE8 008:088.049 - 0.009ms returns 0x08
TDFE8 008:088.061 JLINK_GetNumWPUnits()
TDFE8 008:088.070 - 0.009ms returns 4
TDFE8 008:088.081 JLINK_GetNumWPUnits()
TDFE8 008:088.091 - 0.009ms returns 4
TDFE8 008:088.161 JLINK_SetBPEx(Addr = 0x000010C8, Type = 0xFFFFFF00)
TDFE8 008:088.177 - 0.017ms returns 0x00000001
TDFE8 008:088.194 JLINK_ClrBPEx(BPHandle = 0x00000001)
TDFE8 008:088.783 - 0.588ms returns 0x00
TDFE8 008:113.125 JLINK_ReadMem(0x000010C0, 0x40 Bytes, ...)
TDFE8 008:113.162    -- Read from flash cache (64 bytes @ 0x000010C0)
TDFE8 008:113.185   Data:  58 14 00 20 5C 14 00 20 38 B5 00 23 0B 4D 0C 4C ...
TDFE8 008:113.205 - 0.080ms returns 0
TDFE8 008:114.605 JLINK_SetBPEx(Addr = 0x000010C8, Type = 0xFFFFFF00)
TDFE8 008:114.641 - 0.038ms returns 0x00000002
TDFE8 008:243.219 JLINK_ReadMem(0x20011ABC, 0x4 Bytes, ...)
TDFE8 008:243.283   CPU_ReadMem(4 bytes @ 0x20011ABC)
TDFE8 008:243.945   Data:  00 00 00 00
TDFE8 008:243.973 - 0.754ms returns 0
TDFE8 008:244.003 JLINK_ReadMem(0x20011B94, 0x4 Bytes, ...)
TDFE8 008:244.019   CPU_ReadMem(4 bytes @ 0x20011B94)
TDFE8 008:244.614   Data:  AC 13 00 20
TDFE8 008:244.662 - 0.659ms returns 0
TDFE8 008:244.688 JLINK_ReadMem(0x00000000, 0x4 Bytes, ...)
TDFE8 008:244.705    -- Read from flash cache (4 bytes @ 0x00000000)
TDFE8 008:244.725   Data:  98 24 01 20
TDFE8 008:244.762 - 0.074ms returns 0
TDFE8 008:245.417 JLINK_ReadMem(0x20011ABC, 0x4 Bytes, ...)
TDFE8 008:245.464   CPU_ReadMem(4 bytes @ 0x20011ABC)
TDFE8 008:246.124   Data:  00 00 00 00
TDFE8 008:246.148 - 0.730ms returns 0
TDFE8 008:246.166 JLINK_ReadMem(0x20011B94, 0x4 Bytes, ...)
TDFE8 008:246.182   CPU_ReadMem(4 bytes @ 0x20011B94)
TDFE8 008:246.781   Data:  AC 13 00 20
TDFE8 008:246.817 - 0.650ms returns 0
TDFE8 008:246.835 JLINK_ReadMem(0x00000000, 0x4 Bytes, ...)
TDFE8 008:246.848    -- Read from flash cache (4 bytes @ 0x00000000)
TDFE8 008:246.877   Data:  98 24 01 20
TDFE8 008:246.890 - 0.055ms returns 0
TDFE8 008:246.933 JLINK_ReadRegs(NumRegs = 22, Indexes: 0, 1, 2, 3, 4, 5, 6, 7, 8, 9, 10, 11, 12, 13, 14, 15, 16, 17, 18, 86, 87, 20)
TDFE8 008:246.970    -- R0=0x00, R1=0x00, R2=0x00, R3=0x00, R4=0x00, R5=0x00, R6=0x00, R7=0x00, R8=0x10000000, R9=0xE000ED00, R10=0x20011B30, R11=0x00, R12=0x2C15, R13 (SP)=0x20012498, R14=0xFFFFFFFF, R15 (PC)=0x7AB8, XPSR=0x1000000, MSP=0x20012498, PSP=0x00, MSPLIM=0x00, PSPLIM=0x00, CFBP=0x00
TDFE8 008:246.986 - 0.052ms returns 0x00
TDFE8 008:247.439 JLINK_ReadMem(0x20011ABC, 0x4 Bytes, ...)
TDFE8 008:247.464   CPU_ReadMem(4 bytes @ 0x20011ABC)
TDFE8 008:248.078   Data:  00 00 00 00
TDFE8 008:248.113 - 0.674ms returns 0
TDFE8 008:248.141 JLINK_ReadMem(0x20011B94, 0x4 Bytes, ...)
TDFE8 008:248.177   CPU_ReadMem(4 bytes @ 0x20011B94)
TDFE8 008:248.789   Data:  AC 13 00 20
TDFE8 008:248.821 - 0.680ms returns 0
TDFE8 008:248.846 JLINK_ReadMem(0x00000000, 0x4 Bytes, ...)
TDFE8 008:248.864    -- Read from flash cache (4 bytes @ 0x00000000)
TDFE8 008:248.897   Data:  98 24 01 20
TDFE8 008:248.914 - 0.068ms returns 0
TDFE8 008:249.004 JLINK_ReadReg(XPSR)
TDFE8 008:249.025 - 0.021ms returns 0x01000000
TDFE8 008:249.054 JLINK_ReadMem(0x20011ABC, 0x4 Bytes, ...)
TDFE8 008:249.073   CPU_ReadMem(4 bytes @ 0x20011ABC)
TDFE8 008:249.702   Data:  00 00 00 00
TDFE8 008:249.726 - 0.672ms returns 0
TDFE8 008:249.745 JLINK_ReadMem(0x20011B94, 0x4 Bytes, ...)
TDFE8 008:249.761   CPU_ReadMem(4 bytes @ 0x20011B94)
TDFE8 008:250.351   Data:  AC 13 00 20
TDFE8 008:250.375 - 0.630ms returns 0
TDFE8 008:250.393 JLINK_ReadMem(0x00000000, 0x4 Bytes, ...)
TDFE8 008:250.406    -- Read from flash cache (4 bytes @ 0x00000000)
TDFE8 008:250.421   Data:  98 24 01 20
TDFE8 008:250.443 - 0.050ms returns 0
TDFE8 008:251.493 JLINK_ReadMem(0x00007A80, 0x40 Bytes, ...)
TDFE8 008:251.534    -- Read from flash cache (64 bytes @ 0x00007A80)
TDFE8 008:251.570   Data:  10 C0 9B B2 43 EA 0C 03 43 F4 25 43 9B B2 A4 F8 ...
TDFE8 008:251.610 - 0.117ms returns 0
T51C0 008:375.340 JLINK_GetNumBPUnits(Type = 0xFFFFFF00)
T51C0 008:375.381 - 0.042ms returns 0x08
T51C0 008:375.400 JLINK_GetNumWPUnits()
T51C0 008:375.413 - 0.013ms returns 4
T51C0 008:375.429 JLINK_GetNumWPUnits()
T51C0 008:375.442 - 0.012ms returns 4
T51C0 008:376.004 JLINK_GetNumBPUnits(Type = 0xFFFFFF00)
T51C0 008:376.039 - 0.035ms returns 0x08
T51C0 008:376.053 JLINK_GetNumWPUnits()
T51C0 008:376.063 - 0.009ms returns 4
T51C0 008:376.075 JLINK_GetNumWPUnits()
T51C0 008:376.085 - 0.009ms returns 4
T51C0 008:376.534 JLINK_GetNumBPUnits(Type = 0xFFFFFF00)
T51C0 008:376.552 - 0.017ms returns 0x08
T51C0 008:376.563 JLINK_GetNumWPUnits()
T51C0 008:376.591 - 0.028ms returns 4
T51C0 008:376.603 JLINK_GetNumWPUnits()
T51C0 008:376.613 - 0.009ms returns 4
T51C0 008:376.974 JLINK_GetNumBPUnits(Type = 0xFFFFFF00)
T51C0 008:377.008 - 0.034ms returns 0x08
T51C0 008:377.023 JLINK_GetNumWPUnits()
T51C0 008:377.038 - 0.014ms returns 4
T51C0 008:377.053 JLINK_GetNumWPUnits()
T51C0 008:377.065 - 0.012ms returns 4
T51C0 008:377.453 JLINK_GetNumBPUnits(Type = 0xFFFFFF00)
T51C0 008:377.477 - 0.023ms returns 0x08
T51C0 008:377.494 JLINK_GetNumWPUnits()
T51C0 008:377.509 - 0.014ms returns 4
T51C0 008:377.528 JLINK_GetNumWPUnits()
T51C0 008:377.542 - 0.013ms returns 4
T51C0 008:377.901 JLINK_GetNumBPUnits(Type = 0xFFFFFF00)
T51C0 008:377.935 - 0.034ms returns 0x08
T51C0 008:377.949 JLINK_GetNumWPUnits()
T51C0 008:377.963 - 0.012ms returns 4
T51C0 008:377.977 JLINK_GetNumWPUnits()
T51C0 008:377.989 - 0.011ms returns 4
T51C0 008:378.317 JLINK_GetNumBPUnits(Type = 0xFFFFFF00)
T51C0 008:378.338 - 0.021ms returns 0x08
T51C0 008:378.351 JLINK_GetNumWPUnits()
T51C0 008:378.361 - 0.010ms returns 4
T51C0 008:378.374 JLINK_GetNumWPUnits()
T51C0 008:378.384 - 0.009ms returns 4
T51C0 008:378.677 JLINK_GetNumBPUnits(Type = 0xFFFFFF00)
T51C0 008:378.697 - 0.020ms returns 0x08
T51C0 008:378.710 JLINK_GetNumWPUnits()
T51C0 008:378.721 - 0.010ms returns 4
T51C0 008:378.733 JLINK_GetNumWPUnits()
T51C0 008:378.742 - 0.009ms returns 4
T51C0 008:404.705 JLINK_ReadReg(XPSR)
T51C0 008:404.750 - 0.044ms returns 0x01000000
T51C0 008:404.764 JLINK_ReadReg(R15 (PC))
T51C0 008:404.805 - 0.040ms returns 0x00007AB8
TDFE8 008:767.175 JLINK_ReadMem(0x20011ABC, 0x4 Bytes, ...)
TDFE8 008:767.236   CPU_ReadMem(4 bytes @ 0x20011ABC)
TDFE8 008:767.851   Data:  00 00 00 00
TDFE8 008:767.880 - 0.705ms returns 0
TDFE8 008:767.901 JLINK_ReadMem(0x20011B94, 0x4 Bytes, ...)
TDFE8 008:767.924   CPU_ReadMem(4 bytes @ 0x20011B94)
TDFE8 008:768.560   Data:  AC 13 00 20
TDFE8 008:768.587 - 0.686ms returns 0
TDFE8 008:768.608 JLINK_ReadMem(0x00000000, 0x4 Bytes, ...)
TDFE8 008:768.622    -- Read from flash cache (4 bytes @ 0x00000000)
TDFE8 008:768.638   Data:  98 24 01 20
TDFE8 008:768.653 - 0.045ms returns 0
TDFE8 008:768.717 JLINK_ReadReg(XPSR)
TDFE8 008:769.310 - 0.593ms returns 0x01000000
TDFE8 008:769.349 JLINK_ReadMem(0x20011ABC, 0x4 Bytes, ...)
TDFE8 008:769.369   CPU_ReadMem(4 bytes @ 0x20011ABC)
TDFE8 008:769.970   Data:  00 00 00 00
TDFE8 008:769.997 - 0.648ms returns 0
TDFE8 008:770.022 JLINK_ReadMem(0x20011B94, 0x4 Bytes, ...)
TDFE8 008:770.040   CPU_ReadMem(4 bytes @ 0x20011B94)
TDFE8 008:770.703   Data:  AC 13 00 20
TDFE8 008:770.729 - 0.706ms returns 0
TDFE8 008:770.749 JLINK_ReadMem(0x00000000, 0x4 Bytes, ...)
TDFE8 008:770.762    -- Read from flash cache (4 bytes @ 0x00000000)
TDFE8 008:770.779   Data:  98 24 01 20
TDFE8 008:770.795 - 0.046ms returns 0
TDFE8 008:771.641 JLINK_ReadMem(0x00007A80, 0x40 Bytes, ...)
TDFE8 008:771.683    -- Read from flash cache (64 bytes @ 0x00007A80)
TDFE8 008:771.710   Data:  10 C0 9B B2 43 EA 0C 03 43 F4 25 43 9B B2 A4 F8 ...
TDFE8 008:771.732 - 0.092ms returns 0
TDFE8 011:342.238 JLINK_ReadMem(0x20011ABC, 0x4 Bytes, ...)
TDFE8 011:342.325   CPU_ReadMem(4 bytes @ 0x20011ABC)
TDFE8 011:342.980   Data:  00 00 00 00
TDFE8 011:343.008 - 0.771ms returns 0
TDFE8 011:343.030 JLINK_ReadMem(0x20011B94, 0x4 Bytes, ...)
TDFE8 011:343.051   CPU_ReadMem(4 bytes @ 0x20011B94)
TDFE8 011:343.603   Data:  AC 13 00 20
TDFE8 011:343.629 - 0.599ms returns 0
TDFE8 011:343.648 JLINK_ReadMem(0x00000000, 0x4 Bytes, ...)
TDFE8 011:343.661    -- Read from flash cache (4 bytes @ 0x00000000)
TDFE8 011:343.674   Data:  98 24 01 20
TDFE8 011:343.687 - 0.039ms returns 0
TDFE8 011:343.751 JLINK_ReadReg(XPSR)
TDFE8 011:344.249 - 0.496ms returns 0x01000000
TDFE8 011:344.298 JLINK_ReadMem(0x20011ABC, 0x4 Bytes, ...)
TDFE8 011:344.318   CPU_ReadMem(4 bytes @ 0x20011ABC)
TDFE8 011:344.868   Data:  00 00 00 00
TDFE8 011:344.895 - 0.597ms returns 0
TDFE8 011:344.918 JLINK_ReadMem(0x20011B94, 0x4 Bytes, ...)
TDFE8 011:344.938   CPU_ReadMem(4 bytes @ 0x20011B94)
TDFE8 011:345.492   Data:  AC 13 00 20
TDFE8 011:345.537 - 0.619ms returns 0
TDFE8 011:345.560 JLINK_ReadMem(0x00000000, 0x4 Bytes, ...)
TDFE8 011:345.576    -- Read from flash cache (4 bytes @ 0x00000000)
TDFE8 011:345.594   Data:  98 24 01 20
TDFE8 011:345.615 - 0.055ms returns 0
TDFE8 011:347.410 JLINK_ReadMem(0x20011ABC, 0x4 Bytes, ...)
TDFE8 011:347.467   CPU_ReadMem(4 bytes @ 0x20011ABC)
TDFE8 011:348.066   Data:  00 00 00 00
TDFE8 011:348.103 - 0.694ms returns 0
TDFE8 011:348.130 JLINK_ReadMem(0x20011B94, 0x4 Bytes, ...)
TDFE8 011:348.150   CPU_ReadMem(4 bytes @ 0x20011B94)
TDFE8 011:348.700   Data:  AC 13 00 20
TDFE8 011:348.723 - 0.593ms returns 0
TDFE8 011:348.742 JLINK_ReadMem(0x00000000, 0x4 Bytes, ...)
TDFE8 011:348.759    -- Read from flash cache (4 bytes @ 0x00000000)
TDFE8 011:348.774   Data:  98 24 01 20
TDFE8 011:348.788 - 0.045ms returns 0
TDFE8 011:348.868 JLINK_ReadReg(XPSR)
TDFE8 011:348.885 - 0.016ms returns 0x01000000
TDFE8 011:348.917 JLINK_ReadMem(0x20011ABC, 0x4 Bytes, ...)
TDFE8 011:348.931   CPU_ReadMem(4 bytes @ 0x20011ABC)
TDFE8 011:349.533   Data:  00 00 00 00
TDFE8 011:349.595 - 0.677ms returns 0
TDFE8 011:349.635 JLINK_ReadMem(0x20011B94, 0x4 Bytes, ...)
TDFE8 011:349.661   CPU_ReadMem(4 bytes @ 0x20011B94)
TDFE8 011:350.254   Data:  AC 13 00 20
TDFE8 011:350.286 - 0.651ms returns 0
TDFE8 011:350.312 JLINK_ReadMem(0x00000000, 0x4 Bytes, ...)
TDFE8 011:350.329    -- Read from flash cache (4 bytes @ 0x00000000)
TDFE8 011:350.359   Data:  98 24 01 20
TDFE8 011:350.380 - 0.067ms returns 0
TDFE8 019:282.888 JLINK_ReadMem(0x20011ABC, 0x4 Bytes, ...)
TDFE8 019:282.960   CPU_ReadMem(4 bytes @ 0x20011ABC)
TDFE8 019:283.716   Data:  00 00 00 00
TDFE8 019:283.782 - 0.895ms returns 0
TDFE8 019:283.830 JLINK_ReadMem(0x20011B94, 0x4 Bytes, ...)
TDFE8 019:283.884   CPU_ReadMem(4 bytes @ 0x20011B94)
TDFE8 019:284.630   Data:  AC 13 00 20
TDFE8 019:284.696 - 0.863ms returns 0
TDFE8 019:284.748 JLINK_ReadMem(0x00000000, 0x4 Bytes, ...)
TDFE8 019:284.780    -- Read from flash cache (4 bytes @ 0x00000000)
TDFE8 019:284.828   Data:  98 24 01 20
TDFE8 019:284.864 - 0.115ms returns 0
TDFE8 019:331.280 JLINK_STRACE_Read(..., NumItems = 0x10000)
TDFE8 019:332.510 - 1.229ms NumItemsRead = 0x00
TDFE8 019:332.540 JLINK_IsHalted()
TDFE8 019:333.172 - 0.630ms returns TRUE
TDFE8 019:333.202 JLINK_STRACE_Read(..., NumItems = 0x10000)
TDFE8 019:333.212 - 0.010ms NumItemsRead = 0x00
TDFE8 019:333.226 JLINK_GoEx(MaxEmulInsts = 0, Flags = 0x01)
TDFE8 019:333.244   CPU_WriteMem(4 bytes @ 0xE0002000)
TDFE8 019:333.906   CPU_ReadMem(4 bytes @ 0xE0001000)
TDFE8 019:334.492   CPU_WriteMem(4 bytes @ 0xE0002008)
TDFE8 019:342.718   Memory map 'after startup completion point' is active
TDFE8 019:342.762 - 9.535ms
TDFE8 019:441.506 JLINK_IsHalted()
TDFE8 019:448.958 - 7.450ms returns TRUE
TDFE8 019:449.098 JLINK_ReadReg(XPSR)
TDFE8 019:449.158   CPU_ReadMem(4 bytes @ 0xE000EE08)
TDFE8 019:450.028 - 0.928ms returns 0x61000000
TDFE8 019:450.124 JLINK_ReadReg(R15 (PC))
TDFE8 019:450.196 - 0.069ms returns 0x000010C8
TDFE8 019:450.354 JLINK_ReadReg(XPSR)
TDFE8 019:450.402 - 0.048ms returns 0x61000000
TDFE8 019:450.454 JLINK_ReadReg(XPSR)
TDFE8 019:450.492 - 0.037ms returns 0x61000000
TDFE8 019:450.736 JLINK_ReadReg(R15 (PC))
TDFE8 019:450.832 - 0.096ms returns 0x000010C8
TDFE8 019:450.888 JLINK_ReadReg(XPSR)
TDFE8 019:450.932 - 0.040ms returns 0x61000000
TDFE8 019:450.974 JLINK_ReadReg(XPSR)
TDFE8 019:451.012 - 0.037ms returns 0x61000000
TDFE8 019:451.060 JLINK_ReadMem(0x000010C8, 0x1 Bytes, ...)
TDFE8 019:451.102    -- Read from flash cache (1 bytes @ 0x000010C8)
TDFE8 019:451.152   Data:  38
TDFE8 019:451.204 - 0.143ms returns 0
TDFE8 019:451.246 JLINK_IsHalted()
TDFE8 019:451.284 - 0.035ms returns TRUE
TDFE8 019:451.324 JLINK_ReadReg(XPSR)
TDFE8 019:451.364 - 0.038ms returns 0x61000000
TDFE8 019:451.410 JLINK_ReadReg(XPSR)
TDFE8 019:451.462 - 0.052ms returns 0x61000000
TDFE8 019:451.508 JLINK_ReadReg(R15 (PC))
TDFE8 019:451.546 - 0.038ms returns 0x000010C8
TDFE8 019:451.590 JLINK_ReadReg(XPSR)
TDFE8 019:451.628 - 0.037ms returns 0x61000000
TDFE8 019:451.670 JLINK_ReadReg(XPSR)
TDFE8 019:451.708 - 0.037ms returns 0x61000000
TDFE8 019:451.752 JLINK_ReadMem(0x000010C8, 0x1 Bytes, ...)
TDFE8 019:451.790    -- Read from flash cache (1 bytes @ 0x000010C8)
TDFE8 019:451.838   Data:  38
TDFE8 019:451.888 - 0.136ms returns 0
TDFE8 019:452.124 JLINK_ReadMem(0x20011ABC, 0x4 Bytes, ...)
TDFE8 019:452.184   CPU_ReadMem(4 bytes @ 0x20011ABC)
TDFE8 019:453.110   Data:  00 00 00 00
TDFE8 019:453.196 - 1.071ms returns 0
TDFE8 019:453.264 JLINK_ReadMem(0x20011B94, 0x4 Bytes, ...)
TDFE8 019:453.320   CPU_ReadMem(4 bytes @ 0x20011B94)
TDFE8 019:454.246   Data:  00 00 00 00
TDFE8 019:454.356 - 1.092ms returns 0
TDFE8 019:454.448 JLINK_ReadMem(0x00000000, 0x4 Bytes, ...)
TDFE8 019:454.510    -- Read from flash cache (4 bytes @ 0x00000000)
TDFE8 019:454.582   Data:  98 24 01 20
TDFE8 019:454.654 - 0.207ms returns 0
TDFE8 019:456.554 JLINK_ReadMem(0x20011ABC, 0x4 Bytes, ...)
TDFE8 019:456.648   CPU_ReadMem(4 bytes @ 0x20011ABC)
TDFE8 019:457.900   Data:  00 00 00 00
TDFE8 019:458.008 - 1.455ms returns 0
TDFE8 019:458.086 JLINK_ReadMem(0x20011B94, 0x4 Bytes, ...)
TDFE8 019:458.154   CPU_ReadMem(4 bytes @ 0x20011B94)
TDFE8 019:459.530   Data:  00 00 00 00
TDFE8 019:459.646 - 1.560ms returns 0
TDFE8 019:459.728 JLINK_ReadMem(0x00000000, 0x4 Bytes, ...)
TDFE8 019:459.774    -- Read from flash cache (4 bytes @ 0x00000000)
TDFE8 019:459.842   Data:  98 24 01 20
TDFE8 019:459.892 - 0.164ms returns 0
TDFE8 019:460.044 JLINK_ReadRegs(NumRegs = 22, Indexes: 0, 1, 2, 3, 4, 5, 6, 7, 8, 9, 10, 11, 12, 13, 14, 15, 16, 17, 18, 86, 87, 20)
TDFE8 019:460.180    -- R0=0x00, R1=0x11F, R2=0x00, R3=0x60, R4=0x00, R5=0x00, R6=0x00, R7=0x00, R8=0x10000000, R9=0xE000ED00, R10=0x20011B30, R11=0x00, R12=0x08, R13 (SP)=0x20012490, R14=0x7AC3, R15 (PC)=0x10C8, XPSR=0x61000000, MSP=0x20012490, PSP=0x00, MSPLIM=0x20012098, PSPLIM=0x00, CFBP=0x00
TDFE8 019:460.236 - 0.193ms returns 0x00
TDFE8 019:462.534 JLINK_ReadMem(0x20011ABC, 0x4 Bytes, ...)
TDFE8 019:462.644   CPU_ReadMem(4 bytes @ 0x20011ABC)
TDFE8 019:463.540   Data:  00 00 00 00
TDFE8 019:463.628 - 1.093ms returns 0
TDFE8 019:463.694 JLINK_ReadMem(0x20011B94, 0x4 Bytes, ...)
TDFE8 019:463.754   CPU_ReadMem(4 bytes @ 0x20011B94)
TDFE8 019:464.640   Data:  00 00 00 00
TDFE8 019:464.724 - 1.030ms returns 0
TDFE8 019:464.794 JLINK_ReadMem(0x00000000, 0x4 Bytes, ...)
TDFE8 019:464.838    -- Read from flash cache (4 bytes @ 0x00000000)
TDFE8 019:464.890   Data:  98 24 01 20
TDFE8 019:464.940 - 0.148ms returns 0
TDFE8 019:465.148 JLINK_ReadReg(XPSR)
TDFE8 019:465.208 - 0.060ms returns 0x61000000
TDFE8 019:465.284 JLINK_ReadMem(0x20011ABC, 0x4 Bytes, ...)
TDFE8 019:465.336   CPU_ReadMem(4 bytes @ 0x20011ABC)
TDFE8 019:466.244   Data:  00 00 00 00
TDFE8 019:466.354 - 1.069ms returns 0
TDFE8 019:466.436 JLINK_ReadMem(0x20011B94, 0x4 Bytes, ...)
TDFE8 019:466.510   CPU_ReadMem(4 bytes @ 0x20011B94)
TDFE8 019:467.376   Data:  00 00 00 00
TDFE8 019:467.492 - 1.057ms returns 0
TDFE8 019:467.564 JLINK_ReadMem(0x00000000, 0x4 Bytes, ...)
TDFE8 019:467.606    -- Read from flash cache (4 bytes @ 0x00000000)
TDFE8 019:467.658   Data:  98 24 01 20
TDFE8 019:467.706 - 0.143ms returns 0
TDFE8 019:470.766 JLINK_ReadMem(0x000010C0, 0x40 Bytes, ...)
TDFE8 019:470.844    -- Read from flash cache (64 bytes @ 0x000010C0)
TDFE8 019:470.900   Data:  58 14 00 20 5C 14 00 20 38 B5 00 23 0B 4D 0C 4C ...
TDFE8 019:470.954 - 0.188ms returns 0
TDFE8 019:475.276 JLINK_ClrBPEx(BPHandle = 0x00000002)
TDFE8 019:475.400 - 0.123ms returns 0x00
TDFE8 019:517.276 JLINK_ReadMem(0x000010C0, 0x40 Bytes, ...)
TDFE8 019:517.338    -- Read from flash cache (64 bytes @ 0x000010C0)
TDFE8 019:517.368   Data:  58 14 00 20 5C 14 00 20 38 B5 00 23 0B 4D 0C 4C ...
TDFE8 019:517.396 - 0.120ms returns 0
TDFE8 019:610.590 JLINK_ReadMem(0x20011ABC, 0x4 Bytes, ...)
TDFE8 019:610.668   CPU_ReadMem(4 bytes @ 0x20011ABC)
TDFE8 019:611.420   Data:  00 00 00 00
TDFE8 019:611.468 - 0.877ms returns 0
TDFE8 019:611.504 JLINK_ReadMem(0x20011B94, 0x4 Bytes, ...)
TDFE8 019:611.544   CPU_ReadMem(4 bytes @ 0x20011B94)
TDFE8 019:612.260   Data:  00 00 00 00
TDFE8 019:612.306 - 0.801ms returns 0
TDFE8 019:612.340 JLINK_ReadMem(0x00000000, 0x4 Bytes, ...)
TDFE8 019:612.364    -- Read from flash cache (4 bytes @ 0x00000000)
TDFE8 019:612.394   Data:  98 24 01 20
TDFE8 019:612.450 - 0.108ms returns 0
TDFE8 019:612.580 JLINK_ReadReg(XPSR)
TDFE8 019:612.614 - 0.035ms returns 0x61000000
TDFE8 019:612.656 JLINK_ReadMem(0x20011ABC, 0x4 Bytes, ...)
TDFE8 019:612.688   CPU_ReadMem(4 bytes @ 0x20011ABC)
TDFE8 019:613.460   Data:  00 00 00 00
TDFE8 019:613.504 - 0.848ms returns 0
TDFE8 019:613.538 JLINK_ReadMem(0x20011B94, 0x4 Bytes, ...)
TDFE8 019:613.568   CPU_ReadMem(4 bytes @ 0x20011B94)
TDFE8 019:614.318   Data:  00 00 00 00
TDFE8 019:614.362 - 0.823ms returns 0
TDFE8 019:614.396 JLINK_ReadMem(0x00000000, 0x4 Bytes, ...)
TDFE8 019:614.420    -- Read from flash cache (4 bytes @ 0x00000000)
TDFE8 019:614.444   Data:  98 24 01 20
TDFE8 019:614.472 - 0.077ms returns 0
TDFE8 019:616.540 JLINK_ReadMem(0x20011ABC, 0x4 Bytes, ...)
TDFE8 019:616.612   CPU_ReadMem(4 bytes @ 0x20011ABC)
TDFE8 019:617.354   Data:  00 00 00 00
TDFE8 019:617.400 - 0.859ms returns 0
TDFE8 019:617.434 JLINK_ReadMem(0x20011B94, 0x4 Bytes, ...)
TDFE8 019:617.474   CPU_ReadMem(4 bytes @ 0x20011B94)
TDFE8 019:618.192   Data:  00 00 00 00
TDFE8 019:618.226 - 0.792ms returns 0
TDFE8 019:618.320 JLINK_ReadMem(0x00000000, 0x4 Bytes, ...)
TDFE8 019:618.340    -- Read from flash cache (4 bytes @ 0x00000000)
TDFE8 019:618.360   Data:  98 24 01 20
TDFE8 019:618.382 - 0.061ms returns 0
TDFE8 019:618.458 JLINK_ReadReg(XPSR)
TDFE8 019:618.482 - 0.023ms returns 0x61000000
TDFE8 019:618.512 JLINK_ReadMem(0x20011ABC, 0x4 Bytes, ...)
TDFE8 019:618.532   CPU_ReadMem(4 bytes @ 0x20011ABC)
TDFE8 019:619.210   Data:  00 00 00 00
TDFE8 019:619.260 - 0.746ms returns 0
TDFE8 019:619.294 JLINK_ReadMem(0x20011B94, 0x4 Bytes, ...)
TDFE8 019:619.324   CPU_ReadMem(4 bytes @ 0x20011B94)
TDFE8 019:620.132   Data:  00 00 00 00
TDFE8 019:620.166 - 0.873ms returns 0
TDFE8 019:620.194 JLINK_ReadMem(0x00000000, 0x4 Bytes, ...)
TDFE8 019:620.212    -- Read from flash cache (4 bytes @ 0x00000000)
TDFE8 019:620.232   Data:  98 24 01 20
TDFE8 019:620.252 - 0.059ms returns 0
TDFE8 019:748.990 JLINK_ReadMem(0x20011ABC, 0x4 Bytes, ...)
TDFE8 019:749.038   CPU_ReadMem(4 bytes @ 0x20011ABC)
TDFE8 019:749.662   Data:  00 00 00 00
TDFE8 019:749.690 - 0.700ms returns 0
TDFE8 019:749.714 JLINK_ReadMem(0x20011B94, 0x4 Bytes, ...)
TDFE8 019:749.746   CPU_ReadMem(4 bytes @ 0x20011B94)
TDFE8 019:750.344   Data:  00 00 00 00
TDFE8 019:750.372 - 0.658ms returns 0
TDFE8 019:750.394 JLINK_ReadMem(0x00000000, 0x4 Bytes, ...)
TDFE8 019:750.406    -- Read from flash cache (4 bytes @ 0x00000000)
TDFE8 019:750.422   Data:  98 24 01 20
TDFE8 019:750.436 - 0.043ms returns 0
TDFE8 019:750.468 JLINK_STRACE_Read(..., NumItems = 0x10000)
TDFE8 019:750.482 - 0.014ms NumItemsRead = 0x00
TDFE8 019:750.498 JLINK_IsHalted()
TDFE8 019:750.508 - 0.011ms returns TRUE
TDFE8 019:750.522 JLINK_STRACE_Read(..., NumItems = 0x10000)
TDFE8 019:750.532 - 0.010ms NumItemsRead = 0x00
TDFE8 019:750.546 JLINK_GoEx(MaxEmulInsts = 0, Flags = 0x01)
TDFE8 019:750.566   CPU_ReadMem(4 bytes @ 0xE0001000)
TDFE8 019:751.234   CPU_WriteMem(4 bytes @ 0xE0002008)
TDFE8 019:752.948 - 2.402ms
TDFE8 019:862.716 JLINK_IsHalted()
TDFE8 019:863.342 - 0.625ms returns FALSE
TDFE8 019:863.366 JLINK_IsHalted()
TDFE8 019:863.932 - 0.564ms returns FALSE
TDFE8 019:972.586 JLINK_IsHalted()
TDFE8 019:973.474 - 0.886ms returns FALSE
TDFE8 019:973.548 JLINK_IsHalted()
TDFE8 019:974.416 - 0.863ms returns FALSE
TDFE8 020:081.578 JLINK_IsHalted()
TDFE8 020:082.698 - 1.117ms returns FALSE
TDFE8 020:082.804 JLINK_IsHalted()
TDFE8 020:083.832 - 1.024ms returns FALSE
TDFE8 020:190.982 JLINK_IsHalted()
TDFE8 020:191.972 - 0.988ms returns FALSE
TDFE8 020:192.062 JLINK_IsHalted()
TDFE8 020:192.962 - 0.896ms returns FALSE
TDFE8 020:299.856 JLINK_IsHalted()
TDFE8 020:301.016 - 1.158ms returns FALSE
TDFE8 020:301.084 JLINK_IsHalted()
TDFE8 020:302.276 - 1.190ms returns FALSE
TDFE8 020:409.484 JLINK_IsHalted()
TDFE8 020:410.268 - 0.782ms returns FALSE
TDFE8 020:410.340 JLINK_IsHalted()
TDFE8 020:411.006 - 0.665ms returns FALSE
T51C0 020:483.164 JLINK_ReadReg(XPSR)
T51C0 020:484.566   CPU is running
T51C0 020:485.884   
  ***** Error: 
T51C0 020:485.988   Cannot read register 16 (XPSR) while CPU is running
T51C0 020:486.040 - 2.875ms returns 0x00000000
T51C0 020:486.098 JLINK_ReadReg(R15 (PC))
T51C0 020:487.316   CPU is running
T51C0 020:487.428   
  ***** Error: 
T51C0 020:487.470   Cannot read register 15 (R15) while CPU is running
T51C0 020:487.522 - 1.422ms returns 0x00000000
T51C0 020:498.868 JLINK_IsHalted()
T51C0 020:499.748 - 0.878ms returns FALSE
T51C0 020:499.838 JLINK_IsHalted()
T51C0 020:500.668 - 0.829ms returns FALSE
TDFE8 020:518.794 JLINK_IsHalted()
TDFE8 020:519.624 - 0.828ms returns FALSE
TDFE8 020:519.700 JLINK_IsHalted()
TDFE8 020:520.464 - 0.762ms returns FALSE
TDFE8 020:628.598 JLINK_IsHalted()
TDFE8 020:629.526 - 0.926ms returns FALSE
TDFE8 020:629.620 JLINK_IsHalted()
TDFE8 020:630.380 - 0.757ms returns FALSE
TDFE8 020:737.910 JLINK_IsHalted()
TDFE8 020:738.622 - 0.710ms returns FALSE
TDFE8 020:738.656 JLINK_IsHalted()
TDFE8 020:739.226 - 0.568ms returns FALSE
T51C0 020:802.540 JLINK_IsHalted()
T51C0 020:803.738 - 1.193ms returns FALSE
T51C0 020:803.884 JLINK_IsHalted()
T51C0 020:804.726 - 0.840ms returns FALSE
TDFE8 020:847.172 JLINK_IsHalted()
TDFE8 020:848.186 - 1.011ms returns FALSE
TDFE8 020:848.272 JLINK_IsHalted()
TDFE8 020:849.200 - 0.924ms returns FALSE
TDFE8 020:956.816 JLINK_IsHalted()
TDFE8 020:958.242 - 1.422ms returns FALSE
TDFE8 020:958.358 JLINK_IsHalted()
TDFE8 020:959.378 - 1.014ms returns FALSE
TDFE8 021:066.002 JLINK_IsHalted()
TDFE8 021:067.028 - 1.024ms returns FALSE
TDFE8 021:067.146 JLINK_IsHalted()
TDFE8 021:068.388 - 1.239ms returns FALSE
TDFE8 021:175.478 JLINK_IsHalted()
TDFE8 021:176.336 - 0.857ms returns FALSE
TDFE8 021:176.420 JLINK_IsHalted()
TDFE8 021:177.300 - 0.879ms returns FALSE
TDFE8 021:284.310 JLINK_IsHalted()
TDFE8 021:285.300 - 0.987ms returns FALSE
TDFE8 021:285.410 JLINK_IsHalted()
TDFE8 021:286.224 - 0.810ms returns FALSE
TDFE8 021:393.892 JLINK_IsHalted()
TDFE8 021:394.852 - 0.959ms returns FALSE
TDFE8 021:394.944 JLINK_IsHalted()
TDFE8 021:395.866 - 0.919ms returns FALSE
TDFE8 021:503.676 JLINK_IsHalted()
TDFE8 021:504.764 - 1.085ms returns FALSE
TDFE8 021:504.880 JLINK_IsHalted()
TDFE8 021:506.298 - 1.413ms returns FALSE
TDFE8 021:612.464 JLINK_IsHalted()
TDFE8 021:613.462 - 0.996ms returns FALSE
TDFE8 021:613.526 JLINK_IsHalted()
TDFE8 021:614.484 - 0.955ms returns FALSE
TDFE8 021:721.748 JLINK_IsHalted()
TDFE8 021:747.676 - 25.926ms returns FALSE
TDFE8 021:747.786 JLINK_IsHalted()
TDFE8 021:748.562 - 0.773ms returns FALSE
T51C0 021:807.424 JLINK_IsHalted()
T51C0 021:808.396 - 0.971ms returns FALSE
T51C0 021:808.480 JLINK_IsHalted()
T51C0 021:809.262 - 0.779ms returns FALSE
TDFE8 021:847.950 JLINK_IsHalted()
TDFE8 021:849.348 - 1.393ms returns FALSE
TDFE8 021:849.488 JLINK_IsHalted()
TDFE8 021:850.700 - 1.207ms returns FALSE
TDFE8 021:956.498 JLINK_IsHalted()
TDFE8 021:957.304 - 0.804ms returns FALSE
TDFE8 021:957.368 JLINK_IsHalted()
TDFE8 021:958.160 - 0.789ms returns FALSE
TDFE8 022:066.840 JLINK_IsHalted()
TDFE8 022:067.692 - 0.849ms returns FALSE
TDFE8 022:067.782 JLINK_IsHalted()
TDFE8 022:068.646 - 0.861ms returns FALSE
TDFE8 022:176.340 JLINK_IsHalted()
TDFE8 022:177.340 - 0.997ms returns FALSE
TDFE8 022:177.436 JLINK_IsHalted()
TDFE8 022:178.224 - 0.785ms returns FALSE
TDFE8 022:284.364 JLINK_IsHalted()
TDFE8 022:285.384 - 1.017ms returns FALSE
TDFE8 022:285.498 JLINK_IsHalted()
TDFE8 022:286.376 - 0.876ms returns FALSE
TDFE8 022:373.890 JLINK_IsHalted()
TDFE8 022:374.816 - 0.925ms returns FALSE
TDFE8 022:374.904 JLINK_IsHalted()
TDFE8 022:375.742 - 0.835ms returns FALSE
TDFE8 022:375.896 JLINK_IsHalted()
TDFE8 022:376.868 - 0.967ms returns FALSE
TDFE8 022:376.952 JLINK_IsHalted()
TDFE8 022:377.824 - 0.868ms returns FALSE
TDFE8 022:377.960 JLINK_Halt()
TDFE8 022:384.740 - 6.778ms returns 0x00
TDFE8 022:384.926 JLINK_IsHalted()
TDFE8 022:384.970 - 0.041ms returns TRUE
TDFE8 022:385.020 JLINK_ReadReg(XPSR)
TDFE8 022:385.072   CPU_ReadMem(4 bytes @ 0xE000EE08)
TDFE8 022:386.100 - 1.079ms returns 0x01000000
TDFE8 022:386.198 JLINK_ReadReg(R15 (PC))
TDFE8 022:386.270 - 0.069ms returns 0x0000135E
TDFE8 022:386.332 JLINK_ReadReg(XPSR)
TDFE8 022:386.376 - 0.041ms returns 0x01000000
TDFE8 022:386.628 JLINK_ReadReg(XPSR)
TDFE8 022:386.718 - 0.089ms returns 0x01000000
TDFE8 022:386.770 JLINK_ReadReg(R15 (PC))
TDFE8 022:386.812 - 0.040ms returns 0x0000135E
TDFE8 022:386.860 JLINK_ReadReg(XPSR)
TDFE8 022:386.900 - 0.039ms returns 0x01000000
TDFE8 022:386.944 JLINK_ReadReg(XPSR)
TDFE8 022:386.980 - 0.036ms returns 0x01000000
TDFE8 022:387.026 JLINK_ReadMem(0x0000135E, 0x1 Bytes, ...)
TDFE8 022:387.068    -- Read from flash cache (1 bytes @ 0x0000135E)
TDFE8 022:387.118   Data:  BF
TDFE8 022:387.170 - 0.143ms returns 0
TDFE8 022:387.212 JLINK_IsHalted()
TDFE8 022:387.246 - 0.033ms returns TRUE
TDFE8 022:387.290 JLINK_ReadReg(XPSR)
TDFE8 022:387.330 - 0.039ms returns 0x01000000
TDFE8 022:387.372 JLINK_ReadReg(XPSR)
TDFE8 022:387.408 - 0.036ms returns 0x01000000
TDFE8 022:387.622 JLINK_ReadReg(R15 (PC))
TDFE8 022:387.758 - 0.132ms returns 0x0000135E
TDFE8 022:387.916 JLINK_ReadReg(XPSR)
TDFE8 022:388.008 - 0.093ms returns 0x01000000
TDFE8 022:388.076 JLINK_ReadReg(XPSR)
TDFE8 022:388.148 - 0.072ms returns 0x01000000
TDFE8 022:388.234 JLINK_ReadMem(0x0000135E, 0x1 Bytes, ...)
TDFE8 022:388.294    -- Read from flash cache (1 bytes @ 0x0000135E)
TDFE8 022:388.368   Data:  BF
TDFE8 022:388.444 - 0.209ms returns 0
TDFE8 022:388.590 JLINK_ReadMem(0x20011ABC, 0x4 Bytes, ...)
TDFE8 022:388.654   CPU_ReadMem(4 bytes @ 0x20011ABC)
TDFE8 022:389.494   Data:  05 00 00 00
TDFE8 022:389.572 - 0.980ms returns 0
TDFE8 022:389.632 JLINK_ReadMem(0x20011B94, 0x4 Bytes, ...)
TDFE8 022:389.686   CPU_ReadMem(4 bytes @ 0x20011B94)
TDFE8 022:390.602   Data:  AC 13 00 20
TDFE8 022:390.692 - 1.059ms returns 0
TDFE8 022:390.760 JLINK_ReadMem(0x00000000, 0x4 Bytes, ...)
TDFE8 022:390.804    -- Read from flash cache (4 bytes @ 0x00000000)
TDFE8 022:390.856   Data:  98 24 01 20
TDFE8 022:390.906 - 0.147ms returns 0
TDFE8 022:390.956 JLINK_ReadMem(0x20011AB0, 0x4 Bytes, ...)
TDFE8 022:391.024   CPU_ReadMem(4 bytes @ 0x20011AB0)
TDFE8 022:391.996   Data:  01 00 00 00
TDFE8 022:392.092 - 1.137ms returns 0
TDFE8 022:394.140 JLINK_ReadMem(0x20011ABC, 0x4 Bytes, ...)
TDFE8 022:394.244   CPU_ReadMem(4 bytes @ 0x20011ABC)
TDFE8 022:395.212   Data:  05 00 00 00
TDFE8 022:395.382 - 1.243ms returns 0
TDFE8 022:395.460 JLINK_ReadMem(0x20011B94, 0x4 Bytes, ...)
TDFE8 022:395.528   CPU_ReadMem(4 bytes @ 0x20011B94)
TDFE8 022:396.448   Data:  AC 13 00 20
TDFE8 022:396.554 - 1.094ms returns 0
TDFE8 022:396.620 JLINK_ReadMem(0x00000000, 0x4 Bytes, ...)
TDFE8 022:396.664    -- Read from flash cache (4 bytes @ 0x00000000)
TDFE8 022:396.716   Data:  98 24 01 20
TDFE8 022:396.764 - 0.144ms returns 0
TDFE8 022:396.812 JLINK_ReadMem(0x20011AB0, 0x4 Bytes, ...)
TDFE8 022:396.864   CPU_ReadMem(4 bytes @ 0x20011AB0)
TDFE8 022:397.778   Data:  01 00 00 00
TDFE8 022:397.860 - 1.047ms returns 0
TDFE8 022:398.024 JLINK_ReadRegs(NumRegs = 22, Indexes: 0, 1, 2, 3, 4, 5, 6, 7, 8, 9, 10, 11, 12, 13, 14, 15, 16, 17, 18, 86, 87, 20)
TDFE8 022:398.166    -- R0=0x4000, R1=0x00, R2=0x40000000, R3=0x4001E000, R4=0x20011AD4, R5=0x20011ABC, R6=0x20011AD8, R7=0x00, R8=0x10000000, R9=0xE000ED00, R10=0x20011B30, R11=0x00, R12=0xA41, R13 (SP)=0x20001398, R14=0x13C7, R15 (PC)=0x135E, XPSR=0x1000000, MSP=0x20012428, PSP=0x20001398, MSPLIM=0x20012098, PSPLIM=0x200011D0, CFBP=0x2000001
TDFE8 022:398.220 - 0.199ms returns 0x00
TDFE8 022:410.340 JLINK_ReadMem(0x20011ABC, 0x4 Bytes, ...)
TDFE8 022:410.400   CPU_ReadMem(4 bytes @ 0x20011ABC)
TDFE8 022:411.146   Data:  05 00 00 00
TDFE8 022:411.180 - 0.841ms returns 0
TDFE8 022:411.206 JLINK_ReadMem(0x20011B94, 0x4 Bytes, ...)
TDFE8 022:411.236   CPU_ReadMem(4 bytes @ 0x20011B94)
TDFE8 022:411.906   Data:  AC 13 00 20
TDFE8 022:411.938 - 0.731ms returns 0
TDFE8 022:411.964 JLINK_ReadMem(0x00000000, 0x4 Bytes, ...)
TDFE8 022:411.980    -- Read from flash cache (4 bytes @ 0x00000000)
TDFE8 022:412.000   Data:  98 24 01 20
TDFE8 022:412.020 - 0.057ms returns 0
TDFE8 022:412.040 JLINK_ReadMem(0x20011AB0, 0x4 Bytes, ...)
TDFE8 022:412.060   CPU_ReadMem(4 bytes @ 0x20011AB0)
TDFE8 022:412.762   Data:  01 00 00 00
TDFE8 022:412.796 - 0.755ms returns 0
TDFE8 022:412.936 JLINK_ReadReg(XPSR)
TDFE8 022:412.964 - 0.029ms returns 0x01000000
TDFE8 022:412.998 JLINK_ReadMem(0x20011ABC, 0x4 Bytes, ...)
TDFE8 022:413.020   CPU_ReadMem(4 bytes @ 0x20011ABC)
TDFE8 022:413.690   Data:  05 00 00 00
TDFE8 022:413.722 - 0.724ms returns 0
TDFE8 022:413.748 JLINK_ReadMem(0x20011B94, 0x4 Bytes, ...)
TDFE8 022:413.770   CPU_ReadMem(4 bytes @ 0x20011B94)
TDFE8 022:414.456   Data:  AC 13 00 20
TDFE8 022:414.484 - 0.735ms returns 0
TDFE8 022:414.504 JLINK_ReadMem(0x00000000, 0x4 Bytes, ...)
TDFE8 022:414.518    -- Read from flash cache (4 bytes @ 0x00000000)
TDFE8 022:414.536   Data:  98 24 01 20
TDFE8 022:414.552 - 0.048ms returns 0
TDFE8 022:414.568 JLINK_ReadMem(0x20011AB0, 0x4 Bytes, ...)
TDFE8 022:414.696   CPU_ReadMem(4 bytes @ 0x20011AB0)
TDFE8 022:415.372   Data:  01 00 00 00
TDFE8 022:415.398 - 0.830ms returns 0
TDFE8 022:416.398 JLINK_ReadMem(0x00001340, 0x40 Bytes, ...)
TDFE8 022:416.434    -- Read from flash cache (64 bytes @ 0x00001340)
TDFE8 022:416.460   Data:  EC A0 00 00 30 AB 00 00 7C A0 00 00 80 B3 19 4B ...
TDFE8 022:416.484 - 0.085ms returns 0
TDFE8 022:467.210 JLINK_ReadMem(0x000013C0, 0x40 Bytes, ...)
TDFE8 022:467.260    -- Read from flash cache (64 bytes @ 0x000013C0)
TDFE8 022:467.284   Data:  01 20 FF F7 C3 FF 62 B6 BD E8 08 40 07 F0 90 BD ...
TDFE8 022:467.308 - 0.098ms returns 0
TDFE8 022:468.948 JLINK_ReadMem(0x20001380, 0x40 Bytes, ...)
TDFE8 022:469.012   CPU_ReadMem(64 bytes @ 0x20001380)
TDFE8 022:470.764   Data:  BC 1A 01 20 D8 1A 01 20 00 00 00 00 00 00 00 10 ...
TDFE8 022:470.826 - 1.878ms returns 0
TDFE8 022:487.068 JLINK_ReadMem(0x20011ABC, 0x4 Bytes, ...)
TDFE8 022:487.156   CPU_ReadMem(4 bytes @ 0x20011ABC)
TDFE8 022:487.894   Data:  05 00 00 00
TDFE8 022:487.940 - 0.871ms returns 0
TDFE8 022:487.976 JLINK_ReadMem(0x20011B94, 0x4 Bytes, ...)
TDFE8 022:488.008   CPU_ReadMem(4 bytes @ 0x20011B94)
TDFE8 022:488.668   Data:  AC 13 00 20
TDFE8 022:488.716 - 0.739ms returns 0
TDFE8 022:488.752 JLINK_ReadMem(0x00000000, 0x4 Bytes, ...)
TDFE8 022:488.776    -- Read from flash cache (4 bytes @ 0x00000000)
TDFE8 022:488.802   Data:  98 24 01 20
TDFE8 022:488.828 - 0.077ms returns 0
TDFE8 022:488.854 JLINK_ReadMem(0x20011AB0, 0x4 Bytes, ...)
TDFE8 022:488.962   CPU_ReadMem(4 bytes @ 0x20011AB0)
TDFE8 022:489.726   Data:  01 00 00 00
TDFE8 022:489.788 - 0.933ms returns 0
TDFE8 022:528.560 JLINK_ReadMem(0x20011ABC, 0x4 Bytes, ...)
TDFE8 022:528.612   CPU_ReadMem(4 bytes @ 0x20011ABC)
TDFE8 022:529.300   Data:  05 00 00 00
TDFE8 022:529.338 - 0.779ms returns 0
TDFE8 022:529.364 JLINK_ReadMem(0x20011B94, 0x4 Bytes, ...)
TDFE8 022:529.388   CPU_ReadMem(4 bytes @ 0x20011B94)
TDFE8 022:530.398   Data:  AC 13 00 20
TDFE8 022:530.442 - 1.076ms returns 0
TDFE8 022:530.472 JLINK_ReadMem(0x00000000, 0x4 Bytes, ...)
TDFE8 022:530.490    -- Read from flash cache (4 bytes @ 0x00000000)
TDFE8 022:530.506   Data:  98 24 01 20
TDFE8 022:530.524 - 0.051ms returns 0
TDFE8 022:530.540 JLINK_ReadMem(0x20011AB0, 0x4 Bytes, ...)
TDFE8 022:530.562   CPU_ReadMem(4 bytes @ 0x20011AB0)
TDFE8 022:531.548   Data:  01 00 00 00
TDFE8 022:531.594 - 1.052ms returns 0
TDFE8 022:531.668 JLINK_ReadReg(XPSR)
TDFE8 022:531.692 - 0.024ms returns 0x01000000
TDFE8 022:531.724 JLINK_ReadMem(0x20011ABC, 0x4 Bytes, ...)
TDFE8 022:531.744   CPU_ReadMem(4 bytes @ 0x20011ABC)
TDFE8 022:532.720   Data:  05 00 00 00
TDFE8 022:532.764 - 1.039ms returns 0
TDFE8 022:532.794 JLINK_ReadMem(0x20011B94, 0x4 Bytes, ...)
TDFE8 022:532.818   CPU_ReadMem(4 bytes @ 0x20011B94)
TDFE8 022:533.790   Data:  AC 13 00 20
TDFE8 022:533.834 - 1.040ms returns 0
TDFE8 022:533.864 JLINK_ReadMem(0x00000000, 0x4 Bytes, ...)
TDFE8 022:533.880    -- Read from flash cache (4 bytes @ 0x00000000)
TDFE8 022:533.898   Data:  98 24 01 20
TDFE8 022:533.934 - 0.070ms returns 0
TDFE8 022:533.954 JLINK_ReadMem(0x20011AB0, 0x4 Bytes, ...)
TDFE8 022:533.976   CPU_ReadMem(4 bytes @ 0x20011AB0)
TDFE8 022:534.962   Data:  01 00 00 00
TDFE8 022:535.006 - 1.052ms returns 0
TDFE8 022:575.594 JLINK_ReadMem(0x20011ABC, 0x4 Bytes, ...)
TDFE8 022:575.648   CPU_ReadMem(4 bytes @ 0x20011ABC)
TDFE8 022:576.350   Data:  05 00 00 00
TDFE8 022:576.380 - 0.789ms returns 0
TDFE8 022:576.404 JLINK_ReadMem(0x20011B94, 0x4 Bytes, ...)
TDFE8 022:576.424   CPU_ReadMem(4 bytes @ 0x20011B94)
TDFE8 022:577.034   Data:  AC 13 00 20
TDFE8 022:577.070 - 0.667ms returns 0
TDFE8 022:577.098 JLINK_ReadMem(0x00000000, 0x4 Bytes, ...)
TDFE8 022:577.116    -- Read from flash cache (4 bytes @ 0x00000000)
TDFE8 022:577.138   Data:  98 24 01 20
TDFE8 022:577.158 - 0.061ms returns 0
TDFE8 022:577.186 JLINK_ReadMem(0x20011AB0, 0x4 Bytes, ...)
TDFE8 022:577.210   CPU_ReadMem(4 bytes @ 0x20011AB0)
TDFE8 022:577.824   Data:  01 00 00 00
TDFE8 022:577.852 - 0.666ms returns 0
TDFE8 022:577.920 JLINK_ReadReg(XPSR)
TDFE8 022:577.944 - 0.024ms returns 0x01000000
TDFE8 022:577.974 JLINK_ReadMem(0x20011ABC, 0x4 Bytes, ...)
TDFE8 022:577.996   CPU_ReadMem(4 bytes @ 0x20011ABC)
TDFE8 022:578.630   Data:  05 00 00 00
TDFE8 022:578.664 - 0.689ms returns 0
TDFE8 022:578.690 JLINK_ReadMem(0x20011B94, 0x4 Bytes, ...)
TDFE8 022:578.712   CPU_ReadMem(4 bytes @ 0x20011B94)
TDFE8 022:579.358   Data:  AC 13 00 20
TDFE8 022:579.386 - 0.696ms returns 0
TDFE8 022:579.408 JLINK_ReadMem(0x00000000, 0x4 Bytes, ...)
TDFE8 022:579.422    -- Read from flash cache (4 bytes @ 0x00000000)
TDFE8 022:579.444   Data:  98 24 01 20
TDFE8 022:579.460 - 0.052ms returns 0
TDFE8 022:579.476 JLINK_ReadMem(0x20011AB0, 0x4 Bytes, ...)
TDFE8 022:579.492   CPU_ReadMem(4 bytes @ 0x20011AB0)
TDFE8 022:580.110   Data:  01 00 00 00
TDFE8 022:580.138 - 0.661ms returns 0
TFA70 023:063.652 JLINK_Halt()
TFA70 023:064.596 - 0.943ms returns 0x00
TFA70 023:064.692 JLINK_ReadReg(XPSR)
TFA70 023:064.756 - 0.063ms returns 0x01000000
TFA70 023:070.538 JLINK_Close()
TFA70 023:088.944 - 18.404ms
TFA70 023:089.028   
TFA70 023:089.088   Closed
